[0;93m2026-04-25 14:18:31.299630052 [W:onnxruntime:, graph.cc:4285 CleanUnusedInitializersAndNodeArgs] Removing initializer 'models.9.bn7.num_batches_tracked'. It is not used by any node and should be removed from the model.[m
[0;93m2026-04-25 14:18:31.300120911 [W:onnxruntime:, graph.cc:4285 CleanUnusedInitializersAndNodeArgs] Removing initializer 'models.16.bn13.num_batches_tracked'. It is not used by any node and should be removed from the model.[m
[0;93m2026-04-25 14:18:31.300130433 [W:onnxruntime:, graph.cc:4285 CleanUnusedInitializersAndNodeArgs] Removing initializer 'models.21.bn17.num_batches_tracked'. It is not used by any node and should be removed from the model.[m
[0;93m2026-04-25 14:18:31.300141271 [W:onnxruntime:, graph.cc:4285 CleanUnusedInitializersAndNodeArgs] Removing initializer 'models.6.bn5.num_batches_tracked'. It is not used by any node and should be removed from the model.[m
[0;93m2026-04-25 14:18:31.300148543 [W:onnxruntime:, graph.cc:4285 CleanUnusedInitializersAndNodeArgs] Removing initializer 'models.15.bn12.num_batches_tracked'. It is not used by any node and should be removed from the model.[m
[0;93m2026-04-25 14:18:31.300152739 [W:onnxruntime:, graph.cc:4285 CleanUnusedInitializersAndNodeArgs] Removing initializer 'models.2.bn2.num_batches_tracked'. It is not used by any node and should be removed from the model.[m
[0;93m2026-04-25 14:18:31.300157656 [W:onnxruntime:, graph.cc:4285 CleanUnusedInitializersAndNodeArgs] Removing initializer 'models.0.bn1.num_batches_tracked'. It is not used by any node and should be removed from the model.[m
[0;93m2026-04-25 14:18:31.300162535 [W:onnxruntime:, graph.cc:4285 CleanUnusedInitializersAndNodeArgs] Removing initializer 'models.14.bn11.num_batches_tracked'. It is not used by any node and should be removed from the model.[m
[0;93m2026-04-25 14:18:31.300166292 [W:onnxruntime:, graph.cc:4285 CleanUnusedInitializersAndNodeArgs] Removing initializer 'models.12.bn9.num_batches_tracked'. It is not used by any node and should be removed from the model.[m
[0;93m2026-04-25 14:18:31.300170062 [W:onnxruntime:, graph.cc:4285 CleanUnusedInitializersAndNodeArgs] Removing initializer 'models.5.bn4.num_batches_tracked'. It is not used by any node and should be removed from the model.[m
[0;93m2026-04-25 14:18:31.300174145 [W:onnxruntime:, graph.cc:4285 CleanUnusedInitializersAndNodeArgs] Removing initializer 'models.13.bn10.num_batches_tracked'. It is not used by any node and should be removed from the model.[m
[0;93m2026-04-25 14:18:31.300178149 [W:onnxruntime:, graph.cc:4285 CleanUnusedInitializersAndNodeArgs] Removing initializer 'models.19.bn15.num_batches_tracked'. It is not used by any node and should be removed from the model.[m
[0;93m2026-04-25 14:18:31.300182701 [W:onnxruntime:, graph.cc:4285 CleanUnusedInitializersAndNodeArgs] Removing initializer 'models.20.bn16.num_batches_tracked'. It is not used by any node and should be removed from the model.[m
[0;93m2026-04-25 14:18:31.300186406 [W:onnxruntime:, graph.cc:4285 CleanUnusedInitializersAndNodeArgs] Removing initializer 'models.18.bn14.num_batches_tracked'. It is not used by any node and should be removed from the model.[m
[0;93m2026-04-25 14:18:31.300190165 [W:onnxruntime:, graph.cc:4285 CleanUnusedInitializersAndNodeArgs] Removing initializer 'models.4.bn3.num_batches_tracked'. It is not used by any node and should be removed from the model.[m
[0;93m2026-04-25 14:18:31.300194549 [W:onnxruntime:, graph.cc:4285 CleanUnusedInitializersAndNodeArgs] Removing initializer 'models.24.bn20.num_batches_tracked'. It is not used by any node and should be removed from the model.[m
[0;93m2026-04-25 14:18:31.300198227 [W:onnxruntime:, graph.cc:4285 CleanUnusedInitializersAndNodeArgs] Removing initializer 'models.22.bn18.num_batches_tracked'. It is not used by any node and should be removed from the model.[m
[0;93m2026-04-25 14:18:31.300202503 [W:onnxruntime:, graph.cc:4285 CleanUnusedInitializersAndNodeArgs] Removing initializer 'models.23.bn19.num_batches_tracked'. It is not used by any node and should be removed from the model.[m
[0;93m2026-04-25 14:18:31.302260149 [W:onnxruntime:, graph.cc:4285 CleanUnusedInitializersAndNodeArgs] Removing initializer 'models.26.bn21.num_batches_tracked'. It is not used by any node and should be removed from the model.[m
[0;93m2026-04-25 14:18:31.302265006 [W:onnxruntime:, graph.cc:4285 CleanUnusedInitializersAndNodeArgs] Removing initializer 'models.29.bn22.num_batches_tracked'. It is not used by any node and should be removed from the model.[m
[0;93m2026-04-25 14:18:31.302269256 [W:onnxruntime:, graph.cc:4285 CleanUnusedInitializersAndNodeArgs] Removing initializer 'models.10.bn8.num_batches_tracked'. It is not used by any node and should be removed from the model.[m
[0;93m2026-04-25 14:18:31.302273499 [W:onnxruntime:, graph.cc:4285 CleanUnusedInitializersAndNodeArgs] Removing initializer 'models.8.bn6.num_batches_tracked'. It is not used by any node and should be removed from the model.[m
[0;93m2026-04-25 14:18:34.451469539 [W:onnxruntime:, graph.cc:4285 CleanUnusedInitializersAndNodeArgs] Removing initializer 'models.9.bn7.num_batches_tracked'. It is not used by any node and should be removed from the model.[m
[0;93m2026-04-25 14:18:34.451524513 [W:onnxruntime:, graph.cc:4285 CleanUnusedInitializersAndNodeArgs] Removing initializer 'models.16.bn13.num_batches_tracked'. It is not used by any node and should be removed from the model.[m
[0;93m2026-04-25 14:18:34.451529751 [W:onnxruntime:, graph.cc:4285 CleanUnusedInitializersAndNodeArgs] Removing initializer 'models.21.bn17.num_batches_tracked'. It is not used by any node and should be removed from the model.[m
[0;93m2026-04-25 14:18:34.451534206 [W:onnxruntime:, graph.cc:4285 CleanUnusedInitializersAndNodeArgs] Removing initializer 'models.6.bn5.num_batches_tracked'. It is not used by any node and should be removed from the model.[m
[0;93m2026-04-25 14:18:34.451538237 [W:onnxruntime:, graph.cc:4285 CleanUnusedInitializersAndNodeArgs] Removing initializer 'models.15.bn12.num_batches_tracked'. It is not used by any node and should be removed from the model.[m
[0;93m2026-04-25 14:18:34.451542170 [W:onnxruntime:, graph.cc:4285 CleanUnusedInitializersAndNodeArgs] Removing initializer 'models.2.bn2.num_batches_tracked'. It is not used by any node and should be removed from the model.[m
[0;93m2026-04-25 14:18:34.451546610 [W:onnxruntime:, graph.cc:4285 CleanUnusedInitializersAndNodeArgs] Removing initializer 'models.0.bn1.num_batches_tracked'. It is not used by any node and should be removed from the model.[m
[0;93m2026-04-25 14:18:34.451551762 [W:onnxruntime:, graph.cc:4285 CleanUnusedInitializersAndNodeArgs] Removing initializer 'models.14.bn11.num_batches_tracked'. It is not used by any node and should be removed from the model.[m
[0;93m2026-04-25 14:18:34.451555634 [W:onnxruntime:, graph.cc:4285 CleanUnusedInitializersAndNodeArgs] Removing initializer 'models.12.bn9.num_batches_tracked'. It is not used by any node and should be removed from the model.[m
[0;93m2026-04-25 14:18:34.451559552 [W:onnxruntime:, graph.cc:4285 CleanUnusedInitializersAndNodeArgs] Removing initializer 'models.5.bn4.num_batches_tracked'. It is not used by any node and should be removed from the model.[m
[0;93m2026-04-25 14:18:34.451563683 [W:onnxruntime:, graph.cc:4285 CleanUnusedInitializersAndNodeArgs] Removing initializer 'models.13.bn10.num_batches_tracked'. It is not used by any node and should be removed from the model.[m
[0;93m2026-04-25 14:18:34.451567937 [W:onnxruntime:, graph.cc:4285 CleanUnusedInitializersAndNodeArgs] Removing initializer 'models.19.bn15.num_batches_tracked'. It is not used by any node and should be removed from the model.[m
[0;93m2026-04-25 14:18:34.451572486 [W:onnxruntime:, graph.cc:4285 CleanUnusedInitializersAndNodeArgs] Removing initializer 'models.20.bn16.num_batches_tracked'. It is not used by any node and should be removed from the model.[m
[0;93m2026-04-25 14:18:34.451576228 [W:onnxruntime:, graph.cc:4285 CleanUnusedInitializersAndNodeArgs] Removing initializer 'models.18.bn14.num_batches_tracked'. It is not used by any node and should be removed from the model.[m
[0;93m2026-04-25 14:18:34.451580403 [W:onnxruntime:, graph.cc:4285 CleanUnusedInitializersAndNodeArgs] Removing initializer 'models.4.bn3.num_batches_tracked'. It is not used by any node and should be removed from the model.[m
[0;93m2026-04-25 14:18:34.451585170 [W:onnxruntime:, graph.cc:4285 CleanUnusedInitializersAndNodeArgs] Removing initializer 'models.24.bn20.num_batches_tracked'. It is not used by any node and should be removed from the model.[m
[0;93m2026-04-25 14:18:34.451589011 [W:onnxruntime:, graph.cc:4285 CleanUnusedInitializersAndNodeArgs] Removing initializer 'models.22.bn18.num_batches_tracked'. It is not used by any node and should be removed from the model.[m
[0;93m2026-04-25 14:18:34.451593519 [W:onnxruntime:, graph.cc:4285 CleanUnusedInitializersAndNodeArgs] Removing initializer 'models.23.bn19.num_batches_tracked'. It is not used by any node and should be removed from the model.[m
[0;93m2026-04-25 14:18:34.451597792 [W:onnxruntime:, graph.cc:4285 CleanUnusedInitializersAndNodeArgs] Removing initializer 'models.26.bn21.num_batches_tracked'. It is not used by any node and should be removed from the model.[m
[0;93m2026-04-25 14:18:34.451604802 [W:onnxruntime:, graph.cc:4285 CleanUnusedInitializersAndNodeArgs] Removing initializer 'models.29.bn22.num_batches_tracked'. It is not used by any node and should be removed from the model.[m
[0;93m2026-04-25 14:18:34.451608940 [W:onnxruntime:, graph.cc:4285 CleanUnusedInitializersAndNodeArgs] Removing initializer 'models.10.bn8.num_batches_tracked'. It is not used by any node and should be removed from the model.[m
[0;93m2026-04-25 14:18:34.451613329 [W:onnxruntime:, graph.cc:4285 CleanUnusedInitializersAndNodeArgs] Removing initializer 'models.8.bn6.num_batches_tracked'. It is not used by any node and should be removed from the model.[m
[0;93m2026-04-25 14:18:37.886191806 [W:onnxruntime:, graph.cc:4285 CleanUnusedInitializersAndNodeArgs] Removing initializer 'models.9.bn7.num_batches_tracked'. It is not used by any node and should be removed from the model.[m
[0;93m2026-04-25 14:18:37.886246946 [W:onnxruntime:, graph.cc:4285 CleanUnusedInitializersAndNodeArgs] Removing initializer 'models.16.bn13.num_batches_tracked'. It is not used by any node and should be removed from the model.[m
[0;93m2026-04-25 14:18:37.886252347 [W:onnxruntime:, graph.cc:4285 CleanUnusedInitializersAndNodeArgs] Removing initializer 'models.21.bn17.num_batches_tracked'. It is not used by any node and should be removed from the model.[m
[0;93m2026-04-25 14:18:37.886256566 [W:onnxruntime:, graph.cc:4285 CleanUnusedInitializersAndNodeArgs] Removing initializer 'models.6.bn5.num_batches_tracked'. It is not used by any node and should be removed from the model.[m
[0;93m2026-04-25 14:18:37.886260766 [W:onnxruntime:, graph.cc:4285 CleanUnusedInitializersAndNodeArgs] Removing initializer 'models.15.bn12.num_batches_tracked'. It is not used by any node and should be removed from the model.[m
[0;93m2026-04-25 14:18:37.886264815 [W:onnxruntime:, graph.cc:4285 CleanUnusedInitializersAndNodeArgs] Removing initializer 'models.2.bn2.num_batches_tracked'. It is not used by any node and should be removed from the model.[m
[0;93m2026-04-25 14:18:37.886269192 [W:onnxruntime:, graph.cc:4285 CleanUnusedInitializersAndNodeArgs] Removing initializer 'models.0.bn1.num_batches_tracked'. It is not used by any node and should be removed from the model.[m
[0;93m2026-04-25 14:18:37.886274174 [W:onnxruntime:, graph.cc:4285 CleanUnusedInitializersAndNodeArgs] Removing initializer 'models.14.bn11.num_batches_tracked'. It is not used by any node and should be removed from the model.[m
[0;93m2026-04-25 14:18:37.886277949 [W:onnxruntime:, graph.cc:4285 CleanUnusedInitializersAndNodeArgs] Removing initializer 'models.12.bn9.num_batches_tracked'. It is not used by any node and should be removed from the model.[m
[0;93m2026-04-25 14:18:37.886281753 [W:onnxruntime:, graph.cc:4285 CleanUnusedInitializersAndNodeArgs] Removing initializer 'models.5.bn4.num_batches_tracked'. It is not used by any node and should be removed from the model.[m
[0;93m2026-04-25 14:18:37.886286333 [W:onnxruntime:, graph.cc:4285 CleanUnusedInitializersAndNodeArgs] Removing initializer 'models.13.bn10.num_batches_tracked'. It is not used by any node and should be removed from the model.[m
[0;93m2026-04-25 14:18:37.886290411 [W:onnxruntime:, graph.cc:4285 CleanUnusedInitializersAndNodeArgs] Removing initializer 'models.19.bn15.num_batches_tracked'. It is not used by any node and should be removed from the model.[m
[0;93m2026-04-25 14:18:37.886295072 [W:onnxruntime:, graph.cc:4285 CleanUnusedInitializersAndNodeArgs] Removing initializer 'models.20.bn16.num_batches_tracked'. It is not used by any node and should be removed from the model.[m
[0;93m2026-04-25 14:18:37.886298746 [W:onnxruntime:, graph.cc:4285 CleanUnusedInitializersAndNodeArgs] Removing initializer 'models.18.bn14.num_batches_tracked'. It is not used by any node and should be removed from the model.[m
[0;93m2026-04-25 14:18:37.886302488 [W:onnxruntime:, graph.cc:4285 CleanUnusedInitializersAndNodeArgs] Removing initializer 'models.4.bn3.num_batches_tracked'. It is not used by any node and should be removed from the model.[m
[0;93m2026-04-25 14:18:37.886306748 [W:onnxruntime:, graph.cc:4285 CleanUnusedInitializersAndNodeArgs] Removing initializer 'models.24.bn20.num_batches_tracked'. It is not used by any node and should be removed from the model.[m
[0;93m2026-04-25 14:18:37.886310397 [W:onnxruntime:, graph.cc:4285 CleanUnusedInitializersAndNodeArgs] Removing initializer 'models.22.bn18.num_batches_tracked'. It is not used by any node and should be removed from the model.[m
[0;93m2026-04-25 14:18:37.886314672 [W:onnxruntime:, graph.cc:4285 CleanUnusedInitializersAndNodeArgs] Removing initializer 'models.23.bn19.num_batches_tracked'. It is not used by any node and should be removed from the model.[m
[0;93m2026-04-25 14:18:37.886319114 [W:onnxruntime:, graph.cc:4285 CleanUnusedInitializersAndNodeArgs] Removing initializer 'models.26.bn21.num_batches_tracked'. It is not used by any node and should be removed from the model.[m
[0;93m2026-04-25 14:18:37.886323057 [W:onnxruntime:, graph.cc:4285 CleanUnusedInitializersAndNodeArgs] Removing initializer 'models.29.bn22.num_batches_tracked'. It is not used by any node and should be removed from the model.[m
[0;93m2026-04-25 14:18:37.886327210 [W:onnxruntime:, graph.cc:4285 CleanUnusedInitializersAndNodeArgs] Removing initializer 'models.10.bn8.num_batches_tracked'. It is not used by any node and should be removed from the model.[m
[0;93m2026-04-25 14:18:37.886331498 [W:onnxruntime:, graph.cc:4285 CleanUnusedInitializersAndNodeArgs] Removing initializer 'models.8.bn6.num_batches_tracked'. It is not used by any node and should be removed from the model.[m
[0;93m2026-04-25 14:18:41.440621776 [W:onnxruntime:, graph.cc:4285 CleanUnusedInitializersAndNodeArgs] Removing initializer 'models.9.bn7.num_batches_tracked'. It is not used by any node and should be removed from the model.[m
[0;93m2026-04-25 14:18:41.440699439 [W:onnxruntime:, graph.cc:4285 CleanUnusedInitializersAndNodeArgs] Removing initializer 'models.16.bn13.num_batches_tracked'. It is not used by any node and should be removed from the model.[m
[0;93m2026-04-25 14:18:41.440706084 [W:onnxruntime:, graph.cc:4285 CleanUnusedInitializersAndNodeArgs] Removing initializer 'models.21.bn17.num_batches_tracked'. It is not used by any node and should be removed from the model.[m
[0;93m2026-04-25 14:18:41.440710263 [W:onnxruntime:, graph.cc:4285 CleanUnusedInitializersAndNodeArgs] Removing initializer 'models.6.bn5.num_batches_tracked'. It is not used by any node and should be removed from the model.[m
[0;93m2026-04-25 14:18:41.440714144 [W:onnxruntime:, graph.cc:4285 CleanUnusedInitializersAndNodeArgs] Removing initializer 'models.15.bn12.num_batches_tracked'. It is not used by any node and should be removed from the model.[m
[0;93m2026-04-25 14:18:41.440718021 [W:onnxruntime:, graph.cc:4285 CleanUnusedInitializersAndNodeArgs] Removing initializer 'models.2.bn2.num_batches_tracked'. It is not used by any node and should be removed from the model.[m
[0;93m2026-04-25 14:18:41.440722814 [W:onnxruntime:, graph.cc:4285 CleanUnusedInitializersAndNodeArgs] Removing initializer 'models.0.bn1.num_batches_tracked'. It is not used by any node and should be removed from the model.[m
[0;93m2026-04-25 14:18:41.440727930 [W:onnxruntime:, graph.cc:4285 CleanUnusedInitializersAndNodeArgs] Removing initializer 'models.14.bn11.num_batches_tracked'. It is not used by any node and should be removed from the model.[m
[0;93m2026-04-25 14:18:41.440731869 [W:onnxruntime:, graph.cc:4285 CleanUnusedInitializersAndNodeArgs] Removing initializer 'models.12.bn9.num_batches_tracked'. It is not used by any node and should be removed from the model.[m
[0;93m2026-04-25 14:18:41.440735640 [W:onnxruntime:, graph.cc:4285 CleanUnusedInitializersAndNodeArgs] Removing initializer 'models.5.bn4.num_batches_tracked'. It is not used by any node and should be removed from the model.[m
[0;93m2026-04-25 14:18:41.440739854 [W:onnxruntime:, graph.cc:4285 CleanUnusedInitializersAndNodeArgs] Removing initializer 'models.13.bn10.num_batches_tracked'. It is not used by any node and should be removed from the model.[m
[0;93m2026-04-25 14:18:41.440743946 [W:onnxruntime:, graph.cc:4285 CleanUnusedInitializersAndNodeArgs] Removing initializer 'models.19.bn15.num_batches_tracked'. It is not used by any node and should be removed from the model.[m
[0;93m2026-04-25 14:18:41.440748555 [W:onnxruntime:, graph.cc:4285 CleanUnusedInitializersAndNodeArgs] Removing initializer 'models.20.bn16.num_batches_tracked'. It is not used by any node and should be removed from the model.[m
[0;93m2026-04-25 14:18:41.440752354 [W:onnxruntime:, graph.cc:4285 CleanUnusedInitializersAndNodeArgs] Removing initializer 'models.18.bn14.num_batches_tracked'. It is not used by any node and should be removed from the model.[m
[0;93m2026-04-25 14:18:41.440756246 [W:onnxruntime:, graph.cc:4285 CleanUnusedInitializersAndNodeArgs] Removing initializer 'models.4.bn3.num_batches_tracked'. It is not used by any node and should be removed from the model.[m
[0;93m2026-04-25 14:18:41.440760768 [W:onnxruntime:, graph.cc:4285 CleanUnusedInitializersAndNodeArgs] Removing initializer 'models.24.bn20.num_batches_tracked'. It is not used by any node and should be removed from the model.[m
[0;93m2026-04-25 14:18:41.440764462 [W:onnxruntime:, graph.cc:4285 CleanUnusedInitializersAndNodeArgs] Removing initializer 'models.22.bn18.num_batches_tracked'. It is not used by any node and should be removed from the model.[m
[0;93m2026-04-25 14:18:41.440768768 [W:onnxruntime:, graph.cc:4285 CleanUnusedInitializersAndNodeArgs] Removing initializer 'models.23.bn19.num_batches_tracked'. It is not used by any node and should be removed from the model.[m
[0;93m2026-04-25 14:18:41.440773127 [W:onnxruntime:, graph.cc:4285 CleanUnusedInitializersAndNodeArgs] Removing initializer 'models.26.bn21.num_batches_tracked'. It is not used by any node and should be removed from the model.[m
[0;93m2026-04-25 14:18:41.440777100 [W:onnxruntime:, graph.cc:4285 CleanUnusedInitializersAndNodeArgs] Removing initializer 'models.29.bn22.num_batches_tracked'. It is not used by any node and should be removed from the model.[m
[0;93m2026-04-25 14:18:41.440781120 [W:onnxruntime:, graph.cc:4285 CleanUnusedInitializersAndNodeArgs] Removing initializer 'models.10.bn8.num_batches_tracked'. It is not used by any node and should be removed from the model.[m
[0;93m2026-04-25 14:18:41.440785227 [W:onnxruntime:, graph.cc:4285 CleanUnusedInitializersAndNodeArgs] Removing initializer 'models.8.bn6.num_batches_tracked'. It is not used by any node and should be removed from the model.[m
[1;31m2026-04-25 14:18:46.714368850 [E:onnxruntime:, sequential_executor.cc:516 ExecuteKernel] Non-zero status code returned while running Conv node. Name:'model_1/leaky_re_lu_2/LeakyRelu:0_nchwc' Status Message: Invalid input shape: {1,1}[m
[1;31m2026-04-25 14:18:48.518876335 [E:onnxruntime:, sequential_executor.cc:516 ExecuteKernel] Non-zero status code returned while running Conv node. Name:'conv2d_2_0' Status Message: Invalid input shape: {1,1}[m
[1;31m2026-04-25 14:18:50.479786764 [E:onnxruntime:, sequential_executor.cc:516 ExecuteKernel] Non-zero status code returned while running Conv node. Name:'conv2d_2_0' Status Message: Invalid input shape: {1,1}[m
[1;31m2026-04-25 14:18:52.449250628 [E:onnxruntime:, sequential_executor.cc:516 ExecuteKernel] Non-zero status code returned while running FusedConv node. Name:'conv2d_2_0' Status Message: Invalid input shape: {1,1}[m
[1;31m2026-04-25 14:18:55.774901273 [E:onnxruntime:, sequential_executor.cc:516 ExecuteKernel] Non-zero status code returned while running Conv node. Name:'model_1/leaky_re_lu_2/LeakyRelu:0_nchwc' Status Message: Invalid input shape: {1,1}[m
[1;31m2026-04-25 14:18:57.567844841 [E:onnxruntime:, sequential_executor.cc:516 ExecuteKernel] Non-zero status code returned while running Conv node. Name:'conv2d_2_0' Status Message: Invalid input shape: {1,1}[m
[1;31m2026-04-25 14:18:59.487301641 [E:onnxruntime:, sequential_executor.cc:516 ExecuteKernel] Non-zero status code returned while running Conv node. Name:'conv2d_2_0' Status Message: Invalid input shape: {1,1}[m
[1;31m2026-04-25 14:19:01.414980153 [E:onnxruntime:, sequential_executor.cc:516 ExecuteKernel] Non-zero status code returned while running FusedConv node. Name:'conv2d_2_0' Status Message: Invalid input shape: {1,1}[m
[1;31m2026-04-25 14:19:03.038820688 [E:onnxruntime:, sequential_executor.cc:516 ExecuteKernel] Non-zero status code returned while running QLinearConv node. Name:'conv2d_2_0_quant_token_19' Status Message: Invalid input shape: {1,1}[m
[0;93m2026-04-25 14:20:37.342672773 [W:onnxruntime:, graph.cc:4285 CleanUnusedInitializersAndNodeArgs] Removing initializer 'gpu_0/imagenet1k_blobs_queue_e24a6638-b332-4e67-a127-91f5e17e2e11_0'. It is not used by any node and should be removed from the model.[m
[0;93m2026-04-25 14:20:39.803496557 [W:onnxruntime:, graph.cc:4285 CleanUnusedInitializersAndNodeArgs] Removing initializer 'gpu_0/imagenet1k_blobs_queue_e24a6638-b332-4e67-a127-91f5e17e2e11_0'. It is not used by any node and should be removed from the model.[m
[0;93m2026-04-25 14:20:42.267777079 [W:onnxruntime:, graph.cc:4285 CleanUnusedInitializersAndNodeArgs] Removing initializer 'gpu_0/imagenet1k_blobs_queue_e24a6638-b332-4e67-a127-91f5e17e2e11_0'. It is not used by any node and should be removed from the model.[m
[0;93m2026-04-25 14:20:44.731446856 [W:onnxruntime:, graph.cc:4285 CleanUnusedInitializersAndNodeArgs] Removing initializer 'gpu_0/imagenet1k_blobs_queue_e24a6638-b332-4e67-a127-91f5e17e2e11_0'. It is not used by any node and should be removed from the model.[m
[0;93m2026-04-25 14:20:59.528340738 [W:onnxruntime:, graph.cc:4285 CleanUnusedInitializersAndNodeArgs] Removing initializer 'gpu_0/imagenet1k_blobs_queue_e24a6638-b332-4e67-a127-91f5e17e2e11_0'. It is not used by any node and should be removed from the model.[m
[0;93m2026-04-25 14:21:01.986989601 [W:onnxruntime:, graph.cc:4285 CleanUnusedInitializersAndNodeArgs] Removing initializer 'gpu_0/imagenet1k_blobs_queue_e24a6638-b332-4e67-a127-91f5e17e2e11_0'. It is not used by any node and should be removed from the model.[m
[0;93m2026-04-25 14:21:04.449350657 [W:onnxruntime:, graph.cc:4285 CleanUnusedInitializersAndNodeArgs] Removing initializer 'gpu_0/imagenet1k_blobs_queue_e24a6638-b332-4e67-a127-91f5e17e2e11_0'. It is not used by any node and should be removed from the model.[m
[0;93m2026-04-25 14:21:06.916702833 [W:onnxruntime:, graph.cc:4285 CleanUnusedInitializersAndNodeArgs] Removing initializer 'gpu_0/imagenet1k_blobs_queue_e24a6638-b332-4e67-a127-91f5e17e2e11_0'. It is not used by any node and should be removed from the model.[m
[0;93m2026-04-25 14:21:10.953064135 [W:onnxruntime:, graph.cc:4285 CleanUnusedInitializersAndNodeArgs] Removing initializer 'gpu_0/imagenet1k_blobs_queue_e24a6638-b332-4e67-a127-91f5e17e2e11_0'. It is not used by any node and should be removed from the model.[m
[0;93m2026-04-25 14:21:13.409394925 [W:onnxruntime:, graph.cc:4285 CleanUnusedInitializersAndNodeArgs] Removing initializer 'gpu_0/imagenet1k_blobs_queue_e24a6638-b332-4e67-a127-91f5e17e2e11_0'. It is not used by any node and should be removed from the model.[m
[0;93m2026-04-25 14:21:15.871938538 [W:onnxruntime:, graph.cc:4285 CleanUnusedInitializersAndNodeArgs] Removing initializer 'gpu_0/imagenet1k_blobs_queue_e24a6638-b332-4e67-a127-91f5e17e2e11_0'. It is not used by any node and should be removed from the model.[m
[0;93m2026-04-25 14:21:18.339114730 [W:onnxruntime:, graph.cc:4285 CleanUnusedInitializersAndNodeArgs] Removing initializer 'gpu_0/imagenet1k_blobs_queue_e24a6638-b332-4e67-a127-91f5e17e2e11_0'. It is not used by any node and should be removed from the model.[m
[0;93m2026-04-25 14:21:22.594213149 [W:onnxruntime:, graph.cc:4285 CleanUnusedInitializersAndNodeArgs] Removing initializer 'gpu_0/imagenet1k_blobs_queue_e24a6638-b332-4e67-a127-91f5e17e2e11_0'. It is not used by any node and should be removed from the model.[m
[0;93m2026-04-25 14:21:25.037657699 [W:onnxruntime:, graph.cc:4285 CleanUnusedInitializersAndNodeArgs] Removing initializer 'gpu_0/imagenet1k_blobs_queue_e24a6638-b332-4e67-a127-91f5e17e2e11_0'. It is not used by any node and should be removed from the model.[m
[0;93m2026-04-25 14:21:27.481343718 [W:onnxruntime:, graph.cc:4285 CleanUnusedInitializersAndNodeArgs] Removing initializer 'gpu_0/imagenet1k_blobs_queue_e24a6638-b332-4e67-a127-91f5e17e2e11_0'. It is not used by any node and should be removed from the model.[m
[0;93m2026-04-25 14:21:29.924729773 [W:onnxruntime:, graph.cc:4285 CleanUnusedInitializersAndNodeArgs] Removing initializer 'gpu_0/imagenet1k_blobs_queue_e24a6638-b332-4e67-a127-91f5e17e2e11_0'. It is not used by any node and should be removed from the model.[m
[0;93m2026-04-25 14:21:33.972294765 [W:onnxruntime:, graph.cc:4285 CleanUnusedInitializersAndNodeArgs] Removing initializer 'gpu_0/imagenet1k_blobs_queue_e24a6638-b332-4e67-a127-91f5e17e2e11_0'. It is not used by any node and should be removed from the model.[m
[0;93m2026-04-25 14:21:36.431093401 [W:onnxruntime:, graph.cc:4285 CleanUnusedInitializersAndNodeArgs] Removing initializer 'gpu_0/imagenet1k_blobs_queue_e24a6638-b332-4e67-a127-91f5e17e2e11_0'. It is not used by any node and should be removed from the model.[m
[0;93m2026-04-25 14:21:38.898517417 [W:onnxruntime:, graph.cc:4285 CleanUnusedInitializersAndNodeArgs] Removing initializer 'gpu_0/imagenet1k_blobs_queue_e24a6638-b332-4e67-a127-91f5e17e2e11_0'. It is not used by any node and should be removed from the model.[m
[0;93m2026-04-25 14:21:41.370921480 [W:onnxruntime:, graph.cc:4285 CleanUnusedInitializersAndNodeArgs] Removing initializer 'gpu_0/imagenet1k_blobs_queue_e24a6638-b332-4e67-a127-91f5e17e2e11_0'. It is not used by any node and should be removed from the model.[m
