Starting ONNX inference job at 2026-04-25T13:54:43-04:00
Run label: 10
Run directory: /scratch/snarsipu/onnx-predict/inference/logs/10
Resuming from /scratch/snarsipu/onnx-predict/inference/logs/10/inference_results.log
Existing completed/failed entries: 8735
Using ONNX Runtime providers: CPUExecutionProvider
Using ONNX Runtime intra-op threads: 2
Running xcit_small_12_p16_384_dist_Opset17.onnx...
Running xcit_small_12_p16_384_dist_Opset17_disable_all.onnx...
Running xcit_small_12_p16_384_dist_Opset17_basic.onnx...
Running xcit_small_12_p16_384_dist_Opset17_extended.onnx...
Running xcit_small_12_p16_384_dist_Opset18.onnx...
Running xcit_small_12_p16_384_dist_Opset18_disable_all.onnx...
Running xcit_small_12_p16_384_dist_Opset18_basic.onnx...
Running xcit_small_12_p16_384_dist_Opset18_extended.onnx...
Running xcit_small_12_p8_224_Opset16.onnx...
Running xcit_small_12_p8_224_Opset16_disable_all.onnx...
Running xcit_small_12_p8_224_Opset16_basic.onnx...
Running xcit_small_12_p8_224_Opset16_extended.onnx...
Running xcit_small_12_p8_224_Opset17.onnx...
Running xcit_small_12_p8_224_Opset17_disable_all.onnx...
Running xcit_small_12_p8_224_Opset17_basic.onnx...
Running xcit_small_12_p8_224_Opset17_extended.onnx...
Running xcit_small_12_p8_224_Opset18.onnx...
Running xcit_small_12_p8_224_Opset18_disable_all.onnx...
Running xcit_small_12_p8_224_Opset18_basic.onnx...
Running xcit_small_12_p8_224_Opset18_extended.onnx...
Running xcit_small_12_p8_224_dist_Opset16.onnx...
Running xcit_small_12_p8_224_dist_Opset16_disable_all.onnx...
Running xcit_small_12_p8_224_dist_Opset16_basic.onnx...
Running xcit_small_12_p8_224_dist_Opset16_extended.onnx...
Running xcit_small_12_p8_224_dist_Opset17.onnx...
Running xcit_small_12_p8_224_dist_Opset17_disable_all.onnx...
Running xcit_small_12_p8_224_dist_Opset17_basic.onnx...
Running xcit_small_12_p8_224_dist_Opset17_extended.onnx...
Running xcit_small_12_p8_224_dist_Opset18.onnx...
Running xcit_small_12_p8_224_dist_Opset18_disable_all.onnx...
Running xcit_small_12_p8_224_dist_Opset18_basic.onnx...
Running xcit_small_12_p8_224_dist_Opset18_extended.onnx...
Running xcit_small_12_p8_384_dist_Opset16.onnx...
Running xcit_small_12_p8_384_dist_Opset16_disable_all.onnx...
Running xcit_small_12_p8_384_dist_Opset16_basic.onnx...
Running xcit_small_12_p8_384_dist_Opset16_extended.onnx...
Running xcit_small_12_p8_384_dist_Opset17.onnx...
Running xcit_small_12_p8_384_dist_Opset17_disable_all.onnx...
Running xcit_small_12_p8_384_dist_Opset17_basic.onnx...
Running xcit_small_12_p8_384_dist_Opset17_extended.onnx...
Running xcit_small_12_p8_384_dist_Opset18.onnx...
Running xcit_small_12_p8_384_dist_Opset18_disable_all.onnx...
Running xcit_small_12_p8_384_dist_Opset18_basic.onnx...
Running xcit_small_12_p8_384_dist_Opset18_extended.onnx...
Running xcit_small_24_p16_224_Opset16.onnx...
Running xcit_small_24_p16_224_Opset16_disable_all.onnx...
Running xcit_small_24_p16_224_Opset16_basic.onnx...
Running xcit_small_24_p16_224_Opset16_extended.onnx...
Running xcit_small_24_p16_224_Opset17.onnx...
Running xcit_small_24_p16_224_Opset17_disable_all.onnx...
Running xcit_small_24_p16_224_Opset17_basic.onnx...
Running xcit_small_24_p16_224_Opset17_extended.onnx...
Running xcit_small_24_p16_224_Opset18.onnx...
Running xcit_small_24_p16_224_Opset18_disable_all.onnx...
Running xcit_small_24_p16_224_Opset18_basic.onnx...
Running xcit_small_24_p16_224_Opset18_extended.onnx...
Running xcit_small_24_p16_224_dist_Opset16.onnx...
Running xcit_small_24_p16_224_dist_Opset16_disable_all.onnx...
Running xcit_small_24_p16_224_dist_Opset16_basic.onnx...
Running xcit_small_24_p16_224_dist_Opset16_extended.onnx...
Running xcit_small_24_p16_224_dist_Opset17.onnx...
Running xcit_small_24_p16_224_dist_Opset17_disable_all.onnx...
Running xcit_small_24_p16_224_dist_Opset17_basic.onnx...
Running xcit_small_24_p16_224_dist_Opset17_extended.onnx...
Running xcit_small_24_p16_224_dist_Opset18.onnx...
Running xcit_small_24_p16_224_dist_Opset18_disable_all.onnx...
Running xcit_small_24_p16_224_dist_Opset18_basic.onnx...
Running xcit_small_24_p16_224_dist_Opset18_extended.onnx...
Running xcit_small_24_p8_224_Opset16.onnx...
Running xcit_small_24_p8_224_Opset16_disable_all.onnx...
Running xcit_small_24_p8_224_Opset16_basic.onnx...
Running xcit_small_24_p8_224_Opset16_extended.onnx...
Running xcit_small_24_p8_224_Opset17.onnx...
Running xcit_small_24_p8_224_Opset17_disable_all.onnx...
Running xcit_small_24_p8_224_Opset17_basic.onnx...
Running xcit_small_24_p8_224_Opset17_extended.onnx...
Running xcit_small_24_p8_224_Opset18.onnx...
Running xcit_small_24_p8_224_Opset18_disable_all.onnx...
Running xcit_small_24_p8_224_Opset18_basic.onnx...
Running xcit_small_24_p8_224_Opset18_extended.onnx...
Running xcit_small_24_p8_224_dist_Opset16.onnx...
Running xcit_small_24_p8_224_dist_Opset16_disable_all.onnx...
Running xcit_small_24_p8_224_dist_Opset16_basic.onnx...
Running xcit_small_24_p8_224_dist_Opset16_extended.onnx...
Running xcit_small_24_p8_224_dist_Opset17.onnx...
Running xcit_small_24_p8_224_dist_Opset17_disable_all.onnx...
Running xcit_small_24_p8_224_dist_Opset17_basic.onnx...
Running xcit_small_24_p8_224_dist_Opset17_extended.onnx...
Running xcit_small_24_p8_224_dist_Opset18.onnx...
Running xcit_small_24_p8_224_dist_Opset18_disable_all.onnx...
Running xcit_small_24_p8_224_dist_Opset18_basic.onnx...
Running xcit_small_24_p8_224_dist_Opset18_extended.onnx...
Running xcit_small_24_p8_384_dist_Opset16.onnx...
Running xcit_small_24_p8_384_dist_Opset16_disable_all.onnx...
Running xcit_small_24_p8_384_dist_Opset16_basic.onnx...
Running xcit_small_24_p8_384_dist_Opset16_extended.onnx...
Running xcit_small_24_p8_384_dist_Opset17.onnx...
Running xcit_small_24_p8_384_dist_Opset17_disable_all.onnx...
Running xcit_small_24_p8_384_dist_Opset17_basic.onnx...
Running xcit_small_24_p8_384_dist_Opset17_extended.onnx...
Running xcit_small_24_p8_384_dist_Opset18.onnx...
Running xcit_small_24_p8_384_dist_Opset18_disable_all.onnx...
Running xcit_small_24_p8_384_dist_Opset18_basic.onnx...
Running xcit_small_24_p8_384_dist_Opset18_extended.onnx...
Running xcit_tiny_12_p16_224_Opset16.onnx...
Running xcit_tiny_12_p16_224_Opset16_disable_all.onnx...
Running xcit_tiny_12_p16_224_Opset16_basic.onnx...
Running xcit_tiny_12_p16_224_Opset16_extended.onnx...
Running xcit_tiny_12_p16_224_Opset17.onnx...
Running xcit_tiny_12_p16_224_Opset17_disable_all.onnx...
Running xcit_tiny_12_p16_224_Opset17_basic.onnx...
Running xcit_tiny_12_p16_224_Opset17_extended.onnx...
Running xcit_tiny_12_p16_224_Opset18.onnx...
Running xcit_tiny_12_p16_224_Opset18_disable_all.onnx...
Running xcit_tiny_12_p16_224_Opset18_basic.onnx...
Running xcit_tiny_12_p16_224_Opset18_extended.onnx...
Running xcit_tiny_12_p16_224_dist_Opset16.onnx...
Running xcit_tiny_12_p16_224_dist_Opset16_disable_all.onnx...
Running xcit_tiny_12_p16_224_dist_Opset16_basic.onnx...
Running xcit_tiny_12_p16_224_dist_Opset16_extended.onnx...
Running xcit_tiny_12_p16_224_dist_Opset17.onnx...
Running xcit_tiny_12_p16_224_dist_Opset17_disable_all.onnx...
Running xcit_tiny_12_p16_224_dist_Opset17_basic.onnx...
Running xcit_tiny_12_p16_224_dist_Opset17_extended.onnx...
Running xcit_tiny_12_p16_224_dist_Opset18.onnx...
Running xcit_tiny_12_p16_224_dist_Opset18_disable_all.onnx...
Running xcit_tiny_12_p16_224_dist_Opset18_basic.onnx...
Running xcit_tiny_12_p16_224_dist_Opset18_extended.onnx...
Running xcit_tiny_12_p16_384_dist_Opset16.onnx...
Running xcit_tiny_12_p16_384_dist_Opset16_disable_all.onnx...
Running xcit_tiny_12_p16_384_dist_Opset16_basic.onnx...
Running xcit_tiny_12_p16_384_dist_Opset16_extended.onnx...
Running xcit_tiny_12_p16_384_dist_Opset17.onnx...
Running xcit_tiny_12_p16_384_dist_Opset17_disable_all.onnx...
Running xcit_tiny_12_p16_384_dist_Opset17_basic.onnx...
Running xcit_tiny_12_p16_384_dist_Opset17_extended.onnx...
Running xcit_tiny_12_p16_384_dist_Opset18.onnx...
Running xcit_tiny_12_p16_384_dist_Opset18_disable_all.onnx...
Running xcit_tiny_12_p16_384_dist_Opset18_basic.onnx...
Running xcit_tiny_12_p16_384_dist_Opset18_extended.onnx...
Running xcit_tiny_12_p8_224_Opset16.onnx...
Running xcit_tiny_12_p8_224_Opset16_disable_all.onnx...
Running xcit_tiny_12_p8_224_Opset16_basic.onnx...
Running xcit_tiny_12_p8_224_Opset16_extended.onnx...
Running xcit_tiny_12_p8_224_Opset17.onnx...
Running xcit_tiny_12_p8_224_Opset17_disable_all.onnx...
Running xcit_tiny_12_p8_224_Opset17_basic.onnx...
Running xcit_tiny_12_p8_224_Opset17_extended.onnx...
Running xcit_tiny_12_p8_224_Opset18.onnx...
Running xcit_tiny_12_p8_224_Opset18_disable_all.onnx...
Running xcit_tiny_12_p8_224_Opset18_basic.onnx...
Running xcit_tiny_12_p8_224_Opset18_extended.onnx...
Running xcit_tiny_12_p8_224_dist_Opset16.onnx...
Running xcit_tiny_12_p8_224_dist_Opset16_disable_all.onnx...
Running xcit_tiny_12_p8_224_dist_Opset16_basic.onnx...
Running xcit_tiny_12_p8_224_dist_Opset16_extended.onnx...
Running xcit_tiny_12_p8_224_dist_Opset17.onnx...
Running xcit_tiny_12_p8_224_dist_Opset17_disable_all.onnx...
Running xcit_tiny_12_p8_224_dist_Opset17_basic.onnx...
Running xcit_tiny_12_p8_224_dist_Opset17_extended.onnx...
Running xcit_tiny_12_p8_224_dist_Opset18.onnx...
Running xcit_tiny_12_p8_224_dist_Opset18_disable_all.onnx...
Running xcit_tiny_12_p8_224_dist_Opset18_basic.onnx...
Running xcit_tiny_12_p8_224_dist_Opset18_extended.onnx...
Running xcit_tiny_12_p8_384_dist_Opset16.onnx...
Running xcit_tiny_12_p8_384_dist_Opset16_disable_all.onnx...
Running xcit_tiny_12_p8_384_dist_Opset16_basic.onnx...
Running xcit_tiny_12_p8_384_dist_Opset16_extended.onnx...
Running xcit_tiny_12_p8_384_dist_Opset17.onnx...
Running xcit_tiny_12_p8_384_dist_Opset17_disable_all.onnx...
Running xcit_tiny_12_p8_384_dist_Opset17_basic.onnx...
Running xcit_tiny_12_p8_384_dist_Opset17_extended.onnx...
Running xcit_tiny_12_p8_384_dist_Opset18.onnx...
Running xcit_tiny_12_p8_384_dist_Opset18_disable_all.onnx...
Running xcit_tiny_12_p8_384_dist_Opset18_basic.onnx...
Running xcit_tiny_12_p8_384_dist_Opset18_extended.onnx...
Running xcit_tiny_24_p16_224_Opset16.onnx...
Running xcit_tiny_24_p16_224_Opset16_disable_all.onnx...
Running xcit_tiny_24_p16_224_Opset16_basic.onnx...
Running xcit_tiny_24_p16_224_Opset16_extended.onnx...
Running xcit_tiny_24_p16_224_Opset17.onnx...
Running xcit_tiny_24_p16_224_Opset17_disable_all.onnx...
Running xcit_tiny_24_p16_224_Opset17_basic.onnx...
Running xcit_tiny_24_p16_224_Opset17_extended.onnx...
Running xcit_tiny_24_p16_224_Opset18.onnx...
Running xcit_tiny_24_p16_224_Opset18_disable_all.onnx...
Running xcit_tiny_24_p16_224_Opset18_basic.onnx...
Running xcit_tiny_24_p16_224_Opset18_extended.onnx...
Running xcit_tiny_24_p16_224_dist_Opset16.onnx...
Running xcit_tiny_24_p16_224_dist_Opset16_disable_all.onnx...
Running xcit_tiny_24_p16_224_dist_Opset16_basic.onnx...
Running xcit_tiny_24_p16_224_dist_Opset16_extended.onnx...
Running xcit_tiny_24_p16_224_dist_Opset17.onnx...
Running xcit_tiny_24_p16_224_dist_Opset17_disable_all.onnx...
Running xcit_tiny_24_p16_224_dist_Opset17_basic.onnx...
Running xcit_tiny_24_p16_224_dist_Opset17_extended.onnx...
Running xcit_tiny_24_p16_224_dist_Opset18.onnx...
Running xcit_tiny_24_p16_224_dist_Opset18_disable_all.onnx...
Running xcit_tiny_24_p16_224_dist_Opset18_basic.onnx...
Running xcit_tiny_24_p16_224_dist_Opset18_extended.onnx...
Running xcit_tiny_24_p16_384_dist_Opset16.onnx...
Running xcit_tiny_24_p16_384_dist_Opset16_disable_all.onnx...
Running xcit_tiny_24_p16_384_dist_Opset16_basic.onnx...
Running xcit_tiny_24_p16_384_dist_Opset16_extended.onnx...
Running xcit_tiny_24_p16_384_dist_Opset17.onnx...
Running xcit_tiny_24_p16_384_dist_Opset17_disable_all.onnx...
Running xcit_tiny_24_p16_384_dist_Opset17_basic.onnx...
Running xcit_tiny_24_p16_384_dist_Opset17_extended.onnx...
Running xcit_tiny_24_p16_384_dist_Opset18.onnx...
Running xcit_tiny_24_p16_384_dist_Opset18_disable_all.onnx...
Running xcit_tiny_24_p16_384_dist_Opset18_basic.onnx...
Running xcit_tiny_24_p16_384_dist_Opset18_extended.onnx...
Running xcit_tiny_24_p8_224_Opset16.onnx...
Running xcit_tiny_24_p8_224_Opset16_disable_all.onnx...
Running xcit_tiny_24_p8_224_Opset16_basic.onnx...
Running xcit_tiny_24_p8_224_Opset16_extended.onnx...
Running xcit_tiny_24_p8_224_Opset17.onnx...
Running xcit_tiny_24_p8_224_Opset17_disable_all.onnx...
Running xcit_tiny_24_p8_224_Opset17_basic.onnx...
Running xcit_tiny_24_p8_224_Opset17_extended.onnx...
Running xcit_tiny_24_p8_224_Opset18.onnx...
Running xcit_tiny_24_p8_224_Opset18_disable_all.onnx...
Running xcit_tiny_24_p8_224_Opset18_basic.onnx...
Running xcit_tiny_24_p8_224_Opset18_extended.onnx...
Running xcit_tiny_24_p8_224_dist_Opset16.onnx...
Running xcit_tiny_24_p8_224_dist_Opset16_disable_all.onnx...
Running xcit_tiny_24_p8_224_dist_Opset16_basic.onnx...
Running xcit_tiny_24_p8_224_dist_Opset16_extended.onnx...
Running xcit_tiny_24_p8_224_dist_Opset17.onnx...
Running xcit_tiny_24_p8_224_dist_Opset17_disable_all.onnx...
Running xcit_tiny_24_p8_224_dist_Opset17_basic.onnx...
Running xcit_tiny_24_p8_224_dist_Opset17_extended.onnx...
Running xcit_tiny_24_p8_224_dist_Opset18.onnx...
Running xcit_tiny_24_p8_224_dist_Opset18_disable_all.onnx...
Running xcit_tiny_24_p8_224_dist_Opset18_basic.onnx...
Running xcit_tiny_24_p8_224_dist_Opset18_extended.onnx...
Running xcit_tiny_24_p8_384_dist_Opset16.onnx...
Running xcit_tiny_24_p8_384_dist_Opset16_disable_all.onnx...
Running xcit_tiny_24_p8_384_dist_Opset16_basic.onnx...
Running xcit_tiny_24_p8_384_dist_Opset16_extended.onnx...
Running xcit_tiny_24_p8_384_dist_Opset17.onnx...
Running xcit_tiny_24_p8_384_dist_Opset17_disable_all.onnx...
Running xcit_tiny_24_p8_384_dist_Opset17_basic.onnx...
Running xcit_tiny_24_p8_384_dist_Opset17_extended.onnx...
Running xcit_tiny_24_p8_384_dist_Opset18.onnx...
Running xcit_tiny_24_p8_384_dist_Opset18_disable_all.onnx...
Running xcit_tiny_24_p8_384_dist_Opset18_basic.onnx...
Running xcit_tiny_24_p8_384_dist_Opset18_extended.onnx...
Running xlmroberta_Opset16.onnx...
Running xlmroberta_Opset16_disable_all.onnx...
Running xlmroberta_Opset16_basic.onnx...
Running xlmroberta_Opset16_extended.onnx...
Running xlmroberta_Opset17.onnx...
Running xlmroberta_Opset17_disable_all.onnx...
Running xlmroberta_Opset17_basic.onnx...
Running xlmroberta_Opset17_extended.onnx...
Running xlmroberta_Opset18.onnx...
Running xlmroberta_Opset18_disable_all.onnx...
Running xlmroberta_Opset18_basic.onnx...
Running xlmroberta_Opset18_extended.onnx...
Running xmod_Opset16.onnx...
Running xmod_Opset16_disable_all.onnx...
Running xmod_Opset16_basic.onnx...
Running xmod_Opset16_extended.onnx...
Running xmod_Opset17.onnx...
Running xmod_Opset17_disable_all.onnx...
Running xmod_Opset17_basic.onnx...
Running xmod_Opset17_extended.onnx...
Running xmod_Opset18.onnx...
Running xmod_Opset18_disable_all.onnx...
Running xmod_Opset18_basic.onnx...
Running xmod_Opset18_extended.onnx...
Running yolov2-coco-9.onnx...
Running yolov2-coco-9_disable_all.onnx...
Running yolov2-coco-9_basic.onnx...
Running yolov2-coco-9_extended.onnx...
Running yolov3-10.onnx...
Failed yolov3-10.onnx: [ONNXRuntimeError] : 2 : INVALID_ARGUMENT : Non-zero status code returned while running Conv node. Name:'model_1/leaky_re_lu_2/LeakyRelu:0_nchwc' Status Message: Invalid input shape: {1,1}
Running yolov3-10_disable_all.onnx...
Failed yolov3-10_disable_all.onnx: [ONNXRuntimeError] : 2 : INVALID_ARGUMENT : Non-zero status code returned while running Conv node. Name:'conv2d_2_0' Status Message: Invalid input shape: {1,1}
Running yolov3-10_basic.onnx...
Failed yolov3-10_basic.onnx: [ONNXRuntimeError] : 2 : INVALID_ARGUMENT : Non-zero status code returned while running Conv node. Name:'conv2d_2_0' Status Message: Invalid input shape: {1,1}
Running yolov3-10_extended.onnx...
Failed yolov3-10_extended.onnx: [ONNXRuntimeError] : 2 : INVALID_ARGUMENT : Non-zero status code returned while running FusedConv node. Name:'conv2d_2_0' Status Message: Invalid input shape: {1,1}
Running yolov3-12.onnx...
Failed yolov3-12.onnx: [ONNXRuntimeError] : 2 : INVALID_ARGUMENT : Non-zero status code returned while running Conv node. Name:'model_1/leaky_re_lu_2/LeakyRelu:0_nchwc' Status Message: Invalid input shape: {1,1}
Running yolov3-12_disable_all.onnx...
Failed yolov3-12_disable_all.onnx: [ONNXRuntimeError] : 2 : INVALID_ARGUMENT : Non-zero status code returned while running Conv node. Name:'conv2d_2_0' Status Message: Invalid input shape: {1,1}
Running yolov3-12_basic.onnx...
Failed yolov3-12_basic.onnx: [ONNXRuntimeError] : 2 : INVALID_ARGUMENT : Non-zero status code returned while running Conv node. Name:'conv2d_2_0' Status Message: Invalid input shape: {1,1}
Running yolov3-12_extended.onnx...
Failed yolov3-12_extended.onnx: [ONNXRuntimeError] : 2 : INVALID_ARGUMENT : Non-zero status code returned while running FusedConv node. Name:'conv2d_2_0' Status Message: Invalid input shape: {1,1}
Running yolov3-12-int8.onnx...
Failed yolov3-12-int8.onnx: [ONNXRuntimeError] : 2 : INVALID_ARGUMENT : Non-zero status code returned while running QLinearConv node. Name:'conv2d_2_0_quant_token_19' Status Message: Invalid input shape: {1,1}
Running yolov4.onnx...
Running yolov4_disable_all.onnx...
Running yolov4_basic.onnx...
Running yolov4_extended.onnx...
Running yoso_Opset16.onnx...
Running yoso_Opset16_disable_all.onnx...
Running yoso_Opset16_basic.onnx...
Running yoso_Opset16_extended.onnx...
Running yoso_Opset17.onnx...
Running yoso_Opset17_disable_all.onnx...
Running yoso_Opset17_basic.onnx...
Running yoso_Opset17_extended.onnx...
Running yoso_Opset18.onnx...
Running yoso_Opset18_disable_all.onnx...
Running yoso_Opset18_basic.onnx...
Running yoso_Opset18_extended.onnx...
Running zfnet512-12.onnx...
Running zfnet512-12_disable_all.onnx...
Running zfnet512-12_basic.onnx...
Running zfnet512-12_extended.onnx...
Running zfnet512-12-int8.onnx...
Running zfnet512-12-int8_disable_all.onnx...
Running zfnet512-12-int8_basic.onnx...
Running zfnet512-12-int8_extended.onnx...
Running zfnet512-12-qdq.onnx...
Running zfnet512-12-qdq_disable_all.onnx...
Running zfnet512-12-qdq_basic.onnx...
Running zfnet512-12-qdq_extended.onnx...
Running zfnet512-6.onnx...
Running zfnet512-6_disable_all.onnx...
Running zfnet512-6_basic.onnx...
Running zfnet512-6_extended.onnx...
Running zfnet512-7.onnx...
Running zfnet512-7_disable_all.onnx...
Running zfnet512-7_basic.onnx...
Running zfnet512-7_extended.onnx...
Running zfnet512-8.onnx...
Running zfnet512-8_disable_all.onnx...
Running zfnet512-8_basic.onnx...
Running zfnet512-8_extended.onnx...
Running zfnet512-9.onnx...
Running zfnet512-9_disable_all.onnx...
Running zfnet512-9_basic.onnx...
Running zfnet512-9_extended.onnx...
Finished ONNX inference job at 2026-04-25T14:21:42-04:00
Artifacts written to /scratch/snarsipu/onnx-predict/inference/logs/10/artifacts.txt
