Starting ONNX inference command at 2026-04-23T19:31:21+00:00
Run label: 9
Run directory: /home/onnx_predict/onnx-predict/inference/logs/9
Starting a fresh run log at /home/onnx_predict/onnx-predict/inference/logs/9/inference_results.log
Using ONNX Runtime providers: CPUExecutionProvider
Using ONNX Runtime intra-op threads: 4
Running FasterRCNN-10.onnx...
Running FasterRCNN-10_disable_all.onnx...
Running FasterRCNN-10_basic.onnx...
Running FasterRCNN-10_extended.onnx...
Running FasterRCNN-12.onnx...
Running FasterRCNN-12_disable_all.onnx...
Running FasterRCNN-12_basic.onnx...
Running FasterRCNN-12_extended.onnx...
Running FasterRCNN-12-int8.onnx...
Running FasterRCNN-12-int8_disable_all.onnx...
Running FasterRCNN-12-int8_basic.onnx...
Running FasterRCNN-12-int8_extended.onnx...
Running FasterRCNN-12-qdq.onnx...
Running FasterRCNN-12-qdq_disable_all.onnx...
Running FasterRCNN-12-qdq_basic.onnx...
Running FasterRCNN-12-qdq_extended.onnx...
Running MaskRCNN-10.onnx...
Running MaskRCNN-10_disable_all.onnx...
Running MaskRCNN-10_basic.onnx...
Running MaskRCNN-10_extended.onnx...
Running MaskRCNN-12.onnx...
Running MaskRCNN-12_disable_all.onnx...
Running MaskRCNN-12_basic.onnx...
Running MaskRCNN-12_extended.onnx...
Running MaskRCNN-12-int8.onnx...
Running MaskRCNN-12-int8_disable_all.onnx...
Running MaskRCNN-12-int8_basic.onnx...
Running MaskRCNN-12-int8_extended.onnx...
Running MaskRCNN-12-qdq.onnx...
Running MaskRCNN-12-qdq_disable_all.onnx...
Running MaskRCNN-12-qdq_basic.onnx...
Running MaskRCNN-12-qdq_extended.onnx...
Running ResNet101-DUC-12.onnx...
Running ResNet101-DUC-12_disable_all.onnx...
Running ResNet101-DUC-12_basic.onnx...
Running ResNet101-DUC-12_extended.onnx...
Running ResNet101-DUC-12-int8.onnx...
Running ResNet101-DUC-12-int8_disable_all.onnx...
Running ResNet101-DUC-12-int8_basic.onnx...
Running ResNet101-DUC-12-int8_extended.onnx...
Running adv_inception_v3_Opset16.onnx...
Running adv_inception_v3_Opset16_disable_all.onnx...
Running adv_inception_v3_Opset16_basic.onnx...
Running adv_inception_v3_Opset16_extended.onnx...
Running adv_inception_v3_Opset17.onnx...
Running adv_inception_v3_Opset17_disable_all.onnx...
Running adv_inception_v3_Opset17_basic.onnx...
Running adv_inception_v3_Opset17_extended.onnx...
Running adv_inception_v3_Opset18.onnx...
Running adv_inception_v3_Opset18_disable_all.onnx...
Running adv_inception_v3_Opset18_basic.onnx...
Running adv_inception_v3_Opset18_extended.onnx...
Running age_googlenet.onnx...
Running age_googlenet_disable_all.onnx...
Running age_googlenet_basic.onnx...
Running age_googlenet_extended.onnx...
Running albert_Opset16.onnx...
Running albert_Opset16_disable_all.onnx...
Running albert_Opset16_basic.onnx...
Running albert_Opset16_extended.onnx...
Running albert_Opset17.onnx...
Running albert_Opset17_disable_all.onnx...
Running albert_Opset17_basic.onnx...
Running albert_Opset17_extended.onnx...
Running albert_Opset18.onnx...
Running albert_Opset18_disable_all.onnx...
Running albert_Opset18_basic.onnx...
Running albert_Opset18_extended.onnx...
Running alexnet_Opset16.onnx...
Running alexnet_Opset16_disable_all.onnx...
Running alexnet_Opset16_basic.onnx...
Running alexnet_Opset16_extended.onnx...
Running alexnet_Opset17.onnx...
Running alexnet_Opset17_disable_all.onnx...
Running alexnet_Opset17_basic.onnx...
Running alexnet_Opset17_extended.onnx...
Running alexnet_Opset18.onnx...
Running alexnet_Opset18_disable_all.onnx...
Running alexnet_Opset18_basic.onnx...
Running alexnet_Opset18_extended.onnx...
Running arcfaceresnet100-11-int8.onnx...
Running arcfaceresnet100-11-int8_disable_all.onnx...
Running arcfaceresnet100-11-int8_basic.onnx...
Running arcfaceresnet100-11-int8_extended.onnx...
Running arcfaceresnet100-8.onnx...
Running arcfaceresnet100-8_disable_all.onnx...
Running arcfaceresnet100-8_basic.onnx...
Running arcfaceresnet100-8_extended.onnx...
Running auto_Opset16.onnx...
Running auto_Opset16_disable_all.onnx...
Running auto_Opset16_basic.onnx...
Running auto_Opset16_extended.onnx...
Running auto_Opset17.onnx...
Running auto_Opset17_disable_all.onnx...
Running auto_Opset17_basic.onnx...
Running auto_Opset17_extended.onnx...
Running auto_Opset18.onnx...
Running auto_Opset18_disable_all.onnx...
Running auto_Opset18_basic.onnx...
Running auto_Opset18_extended.onnx...
Running bart_Opset16.onnx...
Failed bart_Opset16.onnx: [ONNXRuntimeError] : 10 : INVALID_GRAPH : Load model from /tmp/tmpft2myprv/bart_Opset16.onnx failed:This is an invalid model. Type Error: Type 'tensor(float)' of input parameter (/Where_4_output_0) of operator (Gather) in node (/decoder/embed_tokens/Gather) is invalid.
Running bart_Opset17.onnx...
Failed bart_Opset17.onnx: [ONNXRuntimeError] : 10 : INVALID_GRAPH : Load model from /tmp/tmphyvjbcrw/bart_Opset17.onnx failed:This is an invalid model. Type Error: Type 'tensor(float)' of input parameter (/Where_4_output_0) of operator (Gather) in node (/decoder/embed_tokens/Gather) is invalid.
Running bart_Opset18.onnx...
Failed bart_Opset18.onnx: [ONNXRuntimeError] : 10 : INVALID_GRAPH : Load model from /tmp/tmpc9k6efoc/bart_Opset18.onnx failed:This is an invalid model. Type Error: Type 'tensor(float)' of input parameter (/Where_4_output_0) of operator (Gather) in node (/decoder/embed_tokens/Gather) is invalid.
Running bat_resnext26ts_Opset16.onnx...
Running bat_resnext26ts_Opset16_disable_all.onnx...
Running bat_resnext26ts_Opset16_basic.onnx...
Running bat_resnext26ts_Opset16_extended.onnx...
Running bat_resnext26ts_Opset17.onnx...
Running bat_resnext26ts_Opset17_disable_all.onnx...
Running bat_resnext26ts_Opset17_basic.onnx...
Running bat_resnext26ts_Opset17_extended.onnx...
Running bat_resnext26ts_Opset18.onnx...
Running bat_resnext26ts_Opset18_disable_all.onnx...
Running bat_resnext26ts_Opset18_basic.onnx...
Running bat_resnext26ts_Opset18_extended.onnx...
Running beit_base_patch16_224_Opset16.onnx...
Running beit_base_patch16_224_Opset16_disable_all.onnx...
Running beit_base_patch16_224_Opset16_basic.onnx...
Running beit_base_patch16_224_Opset16_extended.onnx...
Running beit_base_patch16_384_Opset16.onnx...
Running beit_base_patch16_384_Opset16_disable_all.onnx...
Running beit_base_patch16_384_Opset16_basic.onnx...
Running beit_base_patch16_384_Opset16_extended.onnx...
Running beit_base_patch16_384_Opset17.onnx...
Running beit_base_patch16_384_Opset17_disable_all.onnx...
Running beit_base_patch16_384_Opset17_basic.onnx...
Running beit_base_patch16_384_Opset17_extended.onnx...
Running beit_large_patch16_224_Opset16.onnx...
Running beit_large_patch16_224_Opset16_disable_all.onnx...
Running beit_large_patch16_224_Opset16_basic.onnx...
Running beit_large_patch16_224_Opset16_extended.onnx...
Running beit_large_patch16_224_Opset17.onnx...
Running beit_large_patch16_224_Opset17_disable_all.onnx...
Running beit_large_patch16_224_Opset17_basic.onnx...
Running beit_large_patch16_224_Opset17_extended.onnx...
Running beit_large_patch16_384_Opset16.onnx...
Running beit_large_patch16_384_Opset16_disable_all.onnx...
Running beit_large_patch16_384_Opset16_basic.onnx...
Running beit_large_patch16_384_Opset16_extended.onnx...
Running beit_large_patch16_384_Opset17.onnx...
Running beit_large_patch16_384_Opset17_disable_all.onnx...
Running beit_large_patch16_384_Opset17_basic.onnx...
Running beit_large_patch16_384_Opset17_extended.onnx...
Running bert_Opset16.onnx...
Running bert_Opset16_disable_all.onnx...
Running bert_Opset16_basic.onnx...
Running bert_Opset16_extended.onnx...
Running bert_Opset17.onnx...
Running bert_Opset17_disable_all.onnx...
Running bert_Opset17_basic.onnx...
Running bert_Opset17_extended.onnx...
Running bert_Opset18.onnx...
Running bert_Opset18_disable_all.onnx...
Running bert_Opset18_basic.onnx...
Running bert_Opset18_extended.onnx...
Running bertlmhead_Opset16.onnx...
Running bertlmhead_Opset16_disable_all.onnx...
Running bertlmhead_Opset16_basic.onnx...
Running bertlmhead_Opset16_extended.onnx...
Running bertlmhead_Opset17.onnx...
Running bertlmhead_Opset17_disable_all.onnx...
Running bertlmhead_Opset17_basic.onnx...
Running bertlmhead_Opset17_extended.onnx...
Running bertlmhead_Opset18.onnx...
Running bertlmhead_Opset18_disable_all.onnx...
Running bertlmhead_Opset18_basic.onnx...
Running bertlmhead_Opset18_extended.onnx...
Running bertsquad-10.onnx...
Running bertsquad-10_disable_all.onnx...
Running bertsquad-10_basic.onnx...
Running bertsquad-10_extended.onnx...
Running bertsquad-12.onnx...
Running bertsquad-12_disable_all.onnx...
Running bertsquad-12_basic.onnx...
Running bertsquad-12_extended.onnx...
Running bidaf-11-int8.onnx...
Running bidaf-11-int8_disable_all.onnx...
Running bidaf-11-int8_basic.onnx...
Running bidaf-11-int8_extended.onnx...
Running bidaf-9.onnx...
Running bidaf-9_disable_all.onnx...
Running bidaf-9_basic.onnx...
Running bidaf-9_extended.onnx...
Running bigbird_Opset16.onnx...
Running bigbird_Opset16_disable_all.onnx...
Running bigbird_Opset16_basic.onnx...
Running bigbird_Opset16_extended.onnx...
Running bigbird_Opset17.onnx...
Running bigbird_Opset17_disable_all.onnx...
Running bigbird_Opset17_basic.onnx...
Running bigbird_Opset17_extended.onnx...
Running bigbird_Opset18.onnx...
Running bigbird_Opset18_disable_all.onnx...
Running bigbird_Opset18_basic.onnx...
Running bigbird_Opset18_extended.onnx...
Running biogpt_Opset16.onnx...
Running biogpt_Opset16_disable_all.onnx...
Running biogpt_Opset16_basic.onnx...
Running biogpt_Opset16_extended.onnx...
Running bvlcalexnet-12-int8.onnx...
Running bvlcalexnet-12-int8_disable_all.onnx...
Running bvlcalexnet-12-int8_basic.onnx...
Running bvlcalexnet-12-int8_extended.onnx...
Running bvlcalexnet-12-qdq.onnx...
Running bvlcalexnet-12-qdq_disable_all.onnx...
Running bvlcalexnet-12-qdq_basic.onnx...
Running bvlcalexnet-12-qdq_extended.onnx...
Running bvlcalexnet-6.onnx...
Running bvlcalexnet-6_disable_all.onnx...
Running bvlcalexnet-6_basic.onnx...
Running bvlcalexnet-6_extended.onnx...
Running bvlcalexnet-7.onnx...
Running bvlcalexnet-7_disable_all.onnx...
Running bvlcalexnet-7_basic.onnx...
Running bvlcalexnet-7_extended.onnx...
Running bvlcalexnet-8.onnx...
Running bvlcalexnet-8_disable_all.onnx...
Running bvlcalexnet-8_basic.onnx...
Running bvlcalexnet-8_extended.onnx...
Running bvlcalexnet-9.onnx...
Running bvlcalexnet-9_disable_all.onnx...
Running bvlcalexnet-9_basic.onnx...
Running bvlcalexnet-9_extended.onnx...
Running caffenet-12.onnx...
Running caffenet-12_disable_all.onnx...
Running caffenet-12_basic.onnx...
Running caffenet-12_extended.onnx...
Running caffenet-12-int8.onnx...
Running caffenet-12-int8_disable_all.onnx...
Running caffenet-12-int8_basic.onnx...
Running caffenet-12-int8_extended.onnx...
Running caffenet-12-qdq.onnx...
Running caffenet-12-qdq_disable_all.onnx...
Running caffenet-12-qdq_basic.onnx...
Running caffenet-12-qdq_extended.onnx...
Running caffenet-6.onnx...
Running caffenet-6_disable_all.onnx...
Running caffenet-6_basic.onnx...
Running caffenet-6_extended.onnx...
Running caffenet-7.onnx...
Running caffenet-7_disable_all.onnx...
Running caffenet-7_basic.onnx...
Running caffenet-7_extended.onnx...
Running caffenet-8.onnx...
Running caffenet-8_disable_all.onnx...
Running caffenet-8_basic.onnx...
Running caffenet-8_extended.onnx...
Running caffenet-9.onnx...
Running caffenet-9_disable_all.onnx...
Running caffenet-9_basic.onnx...
Running caffenet-9_extended.onnx...
Running cait_m36_384_Opset16.onnx...
Running cait_m36_384_Opset16_disable_all.onnx...
Running cait_m36_384_Opset16_basic.onnx...
Running cait_m36_384_Opset16_extended.onnx...
Running cait_m36_384_Opset17.onnx...
Running cait_m36_384_Opset17_disable_all.onnx...
Running cait_m36_384_Opset17_basic.onnx...
Running cait_m36_384_Opset17_extended.onnx...
Running cait_m36_384_Opset18.onnx...
Running cait_m36_384_Opset18_disable_all.onnx...
Running cait_m36_384_Opset18_basic.onnx...
Running cait_m36_384_Opset18_extended.onnx...
Running cait_m48_448_Opset16.onnx...
Running cait_m48_448_Opset16_disable_all.onnx...
Running cait_m48_448_Opset16_basic.onnx...
Running cait_m48_448_Opset16_extended.onnx...
Running cait_m48_448_Opset17.onnx...
Running cait_m48_448_Opset17_disable_all.onnx...
Running cait_m48_448_Opset17_basic.onnx...
Running cait_m48_448_Opset17_extended.onnx...
Running cait_m48_448_Opset18.onnx...
Running cait_m48_448_Opset18_disable_all.onnx...
Running cait_m48_448_Opset18_basic.onnx...
Running cait_m48_448_Opset18_extended.onnx...
Running cait_s24_224_Opset16.onnx...
Running cait_s24_224_Opset16_disable_all.onnx...
Running cait_s24_224_Opset16_basic.onnx...
Running cait_s24_224_Opset16_extended.onnx...
Running cait_s24_224_Opset17.onnx...
Running cait_s24_224_Opset17_disable_all.onnx...
Running cait_s24_224_Opset17_basic.onnx...
Running cait_s24_224_Opset17_extended.onnx...
Running cait_s24_224_Opset18.onnx...
Running cait_s24_224_Opset18_disable_all.onnx...
Running cait_s24_224_Opset18_basic.onnx...
Running cait_s24_224_Opset18_extended.onnx...
Running cait_s24_384_Opset16.onnx...
Running cait_s24_384_Opset16_disable_all.onnx...
Running cait_s24_384_Opset16_basic.onnx...
Running cait_s24_384_Opset16_extended.onnx...
Running cait_s24_384_Opset17.onnx...
Running cait_s24_384_Opset17_disable_all.onnx...
Running cait_s24_384_Opset17_basic.onnx...
Running cait_s24_384_Opset17_extended.onnx...
Running cait_s24_384_Opset18.onnx...
Running cait_s24_384_Opset18_disable_all.onnx...
Running cait_s24_384_Opset18_basic.onnx...
Running cait_s24_384_Opset18_extended.onnx...
Running cait_s36_384_Opset16.onnx...
Running cait_s36_384_Opset16_disable_all.onnx...
Running cait_s36_384_Opset16_basic.onnx...
Running cait_s36_384_Opset16_extended.onnx...
Running cait_s36_384_Opset17.onnx...
Running cait_s36_384_Opset17_disable_all.onnx...
Running cait_s36_384_Opset17_basic.onnx...
Running cait_s36_384_Opset17_extended.onnx...
Running cait_s36_384_Opset18.onnx...
Running cait_s36_384_Opset18_disable_all.onnx...
Running cait_s36_384_Opset18_basic.onnx...
Running cait_s36_384_Opset18_extended.onnx...
Running cait_xs24_384_Opset16.onnx...
Running cait_xs24_384_Opset16_disable_all.onnx...
Running cait_xs24_384_Opset16_basic.onnx...
Running cait_xs24_384_Opset16_extended.onnx...
Running cait_xs24_384_Opset17.onnx...
Running cait_xs24_384_Opset17_disable_all.onnx...
Running cait_xs24_384_Opset17_basic.onnx...
Running cait_xs24_384_Opset17_extended.onnx...
Running cait_xs24_384_Opset18.onnx...
Running cait_xs24_384_Opset18_disable_all.onnx...
Running cait_xs24_384_Opset18_basic.onnx...
Running cait_xs24_384_Opset18_extended.onnx...
Running cait_xxs24_224_Opset16.onnx...
Running cait_xxs24_224_Opset16_disable_all.onnx...
Running cait_xxs24_224_Opset16_basic.onnx...
Running cait_xxs24_224_Opset16_extended.onnx...
Running cait_xxs24_224_Opset17.onnx...
Running cait_xxs24_224_Opset17_disable_all.onnx...
Running cait_xxs24_224_Opset17_basic.onnx...
Running cait_xxs24_224_Opset17_extended.onnx...
Running cait_xxs24_224_Opset18.onnx...
Running cait_xxs24_224_Opset18_disable_all.onnx...
Running cait_xxs24_224_Opset18_basic.onnx...
Running cait_xxs24_224_Opset18_extended.onnx...
Running cait_xxs24_384_Opset16.onnx...
Running cait_xxs24_384_Opset16_disable_all.onnx...
Running cait_xxs24_384_Opset16_basic.onnx...
Running cait_xxs24_384_Opset16_extended.onnx...
Running cait_xxs24_384_Opset17.onnx...
Running cait_xxs24_384_Opset17_disable_all.onnx...
Running cait_xxs24_384_Opset17_basic.onnx...
Running cait_xxs24_384_Opset17_extended.onnx...
Running cait_xxs24_384_Opset18.onnx...
Running cait_xxs24_384_Opset18_disable_all.onnx...
Running cait_xxs24_384_Opset18_basic.onnx...
Running cait_xxs24_384_Opset18_extended.onnx...
Running cait_xxs36_224_Opset16.onnx...
Running cait_xxs36_224_Opset16_disable_all.onnx...
Running cait_xxs36_224_Opset16_basic.onnx...
Running cait_xxs36_224_Opset16_extended.onnx...
Running cait_xxs36_224_Opset17.onnx...
Running cait_xxs36_224_Opset17_disable_all.onnx...
Running cait_xxs36_224_Opset17_basic.onnx...
Running cait_xxs36_224_Opset17_extended.onnx...
Running cait_xxs36_224_Opset18.onnx...
Running cait_xxs36_224_Opset18_disable_all.onnx...
Running cait_xxs36_224_Opset18_basic.onnx...
Running cait_xxs36_224_Opset18_extended.onnx...
Running cait_xxs36_384_Opset16.onnx...
Running cait_xxs36_384_Opset16_disable_all.onnx...
Running cait_xxs36_384_Opset16_basic.onnx...
Running cait_xxs36_384_Opset16_extended.onnx...
Running cait_xxs36_384_Opset17.onnx...
Running cait_xxs36_384_Opset17_disable_all.onnx...
Running cait_xxs36_384_Opset17_basic.onnx...
Running cait_xxs36_384_Opset17_extended.onnx...
Running cait_xxs36_384_Opset18.onnx...
Running cait_xxs36_384_Opset18_disable_all.onnx...
Running cait_xxs36_384_Opset18_basic.onnx...
Running cait_xxs36_384_Opset18_extended.onnx...
Running camembert_Opset16.onnx...
Running camembert_Opset16_disable_all.onnx...
Running camembert_Opset16_basic.onnx...
Running camembert_Opset16_extended.onnx...
Running camembert_Opset17.onnx...
Running camembert_Opset17_disable_all.onnx...
Running camembert_Opset17_basic.onnx...
Running camembert_Opset17_extended.onnx...
Running camembert_Opset18.onnx...
Running camembert_Opset18_disable_all.onnx...
Running camembert_Opset18_basic.onnx...
Running camembert_Opset18_extended.onnx...
Running candy-8.onnx...
Running candy-8_disable_all.onnx...
Running candy-8_basic.onnx...
Running candy-8_extended.onnx...
Running candy-9.onnx...
Running candy-9_disable_all.onnx...
Running candy-9_basic.onnx...
Running candy-9_extended.onnx...
Running canine_Opset16.onnx...
Failed canine_Opset16.onnx: [ONNXRuntimeError] : 1 : FAIL : Node (/final_char_encoder/layer.0/attention/self/MatMul) Op (MatMul) [ShapeInferenceError] Incompatible dimensions for matrix multiplication
Running canine_Opset17.onnx...
Failed canine_Opset17.onnx: [ONNXRuntimeError] : 1 : FAIL : Node (/final_char_encoder/layer.0/attention/self/MatMul) Op (MatMul) [ShapeInferenceError] Incompatible dimensions for matrix multiplication
Running canine_Opset18.onnx...
Failed canine_Opset18.onnx: [ONNXRuntimeError] : 1 : FAIL : Node (/final_char_encoder/layer.0/attention/self/MatMul) Op (MatMul) [ShapeInferenceError] Incompatible dimensions for matrix multiplication
Running coat_lite_mini_Opset16.onnx...
Running coat_lite_mini_Opset16_disable_all.onnx...
Running coat_lite_mini_Opset16_basic.onnx...
Running coat_lite_mini_Opset16_extended.onnx...
Running coat_lite_mini_Opset17.onnx...
Running coat_lite_mini_Opset17_disable_all.onnx...
Running coat_lite_mini_Opset17_basic.onnx...
Running coat_lite_mini_Opset17_extended.onnx...
Running coat_lite_mini_Opset18.onnx...
Running coat_lite_mini_Opset18_disable_all.onnx...
Running coat_lite_mini_Opset18_basic.onnx...
Running coat_lite_mini_Opset18_extended.onnx...
Running coat_lite_small_Opset16.onnx...
Running coat_lite_small_Opset16_disable_all.onnx...
Running coat_lite_small_Opset16_basic.onnx...
Running coat_lite_small_Opset16_extended.onnx...
Running coat_lite_small_Opset17.onnx...
Running coat_lite_small_Opset17_disable_all.onnx...
Running coat_lite_small_Opset17_basic.onnx...
Running coat_lite_small_Opset17_extended.onnx...
Running coat_lite_small_Opset18.onnx...
Running coat_lite_small_Opset18_disable_all.onnx...
Running coat_lite_small_Opset18_basic.onnx...
Running coat_lite_small_Opset18_extended.onnx...
Running coat_lite_tiny_Opset16.onnx...
Running coat_lite_tiny_Opset16_disable_all.onnx...
Running coat_lite_tiny_Opset16_basic.onnx...
Running coat_lite_tiny_Opset16_extended.onnx...
Running coat_lite_tiny_Opset17.onnx...
Running coat_lite_tiny_Opset17_disable_all.onnx...
Running coat_lite_tiny_Opset17_basic.onnx...
Running coat_lite_tiny_Opset17_extended.onnx...
Running coat_lite_tiny_Opset18.onnx...
Running coat_lite_tiny_Opset18_disable_all.onnx...
Running coat_lite_tiny_Opset18_basic.onnx...
Running coat_lite_tiny_Opset18_extended.onnx...
Running coat_mini_Opset16.onnx...
Running coat_mini_Opset16_disable_all.onnx...
Running coat_mini_Opset16_basic.onnx...
Running coat_mini_Opset16_extended.onnx...
Running coat_mini_Opset17.onnx...
Running coat_mini_Opset17_disable_all.onnx...
Running coat_mini_Opset17_basic.onnx...
Running coat_mini_Opset17_extended.onnx...
Running coat_mini_Opset18.onnx...
Running coat_mini_Opset18_disable_all.onnx...
Running coat_mini_Opset18_basic.onnx...
Running coat_mini_Opset18_extended.onnx...
Running coat_tiny_Opset16.onnx...
Running coat_tiny_Opset16_disable_all.onnx...
Running coat_tiny_Opset16_basic.onnx...
Running coat_tiny_Opset16_extended.onnx...
Running coat_tiny_Opset17.onnx...
Running coat_tiny_Opset17_disable_all.onnx...
Running coat_tiny_Opset17_basic.onnx...
Running coat_tiny_Opset17_extended.onnx...
Running coat_tiny_Opset18.onnx...
Running coat_tiny_Opset18_disable_all.onnx...
Running coat_tiny_Opset18_basic.onnx...
Running coat_tiny_Opset18_extended.onnx...
Running convbert_Opset16.onnx...
Running convbert_Opset16_disable_all.onnx...
Running convbert_Opset16_basic.onnx...
Running convbert_Opset16_extended.onnx...
Running convbert_Opset17.onnx...
Running convbert_Opset17_disable_all.onnx...
Running convbert_Opset17_basic.onnx...
Running convbert_Opset17_extended.onnx...
Running convbert_Opset18.onnx...
Running convbert_Opset18_disable_all.onnx...
Running convbert_Opset18_basic.onnx...
Running convbert_Opset18_extended.onnx...
Running convit_base_Opset16.onnx...
Running convit_base_Opset16_disable_all.onnx...
Running convit_base_Opset16_basic.onnx...
Running convit_base_Opset16_extended.onnx...
Running convit_base_Opset17.onnx...
Running convit_base_Opset17_disable_all.onnx...
Running convit_base_Opset17_basic.onnx...
Running convit_base_Opset17_extended.onnx...
Running convit_base_Opset18.onnx...
Running convit_base_Opset18_disable_all.onnx...
Running convit_base_Opset18_basic.onnx...
Running convit_base_Opset18_extended.onnx...
Running convit_small_Opset16.onnx...
Running convit_small_Opset16_disable_all.onnx...
Running convit_small_Opset16_basic.onnx...
Running convit_small_Opset16_extended.onnx...
Running convit_small_Opset17.onnx...
Running convit_small_Opset17_disable_all.onnx...
Running convit_small_Opset17_basic.onnx...
Running convit_small_Opset17_extended.onnx...
Running convit_small_Opset18.onnx...
Running convit_small_Opset18_disable_all.onnx...
Running convit_small_Opset18_basic.onnx...
Running convit_small_Opset18_extended.onnx...
Running convit_tiny_Opset16.onnx...
Running convit_tiny_Opset16_disable_all.onnx...
Running convit_tiny_Opset16_basic.onnx...
Running convit_tiny_Opset16_extended.onnx...
Running convit_tiny_Opset17.onnx...
Running convit_tiny_Opset17_disable_all.onnx...
Running convit_tiny_Opset17_basic.onnx...
Running convit_tiny_Opset17_extended.onnx...
Running convit_tiny_Opset18.onnx...
Running convit_tiny_Opset18_disable_all.onnx...
Running convit_tiny_Opset18_basic.onnx...
Running convit_tiny_Opset18_extended.onnx...
Running convmixer_1024_20_ks9_p14_Opset16.onnx...
Running convmixer_1024_20_ks9_p14_Opset16_disable_all.onnx...
Running convmixer_1024_20_ks9_p14_Opset16_basic.onnx...
Running convmixer_1024_20_ks9_p14_Opset16_extended.onnx...
Running convmixer_1024_20_ks9_p14_Opset17.onnx...
Running convmixer_1024_20_ks9_p14_Opset17_disable_all.onnx...
Running convmixer_1024_20_ks9_p14_Opset17_basic.onnx...
Running convmixer_1024_20_ks9_p14_Opset17_extended.onnx...
Running convmixer_1024_20_ks9_p14_Opset18.onnx...
Running convmixer_1024_20_ks9_p14_Opset18_disable_all.onnx...
Running convmixer_1024_20_ks9_p14_Opset18_basic.onnx...
Running convmixer_1024_20_ks9_p14_Opset18_extended.onnx...
Running convmixer_1536_20_Opset16.onnx...
Running convmixer_1536_20_Opset16_disable_all.onnx...
Running convmixer_1536_20_Opset16_basic.onnx...
Running convmixer_1536_20_Opset16_extended.onnx...
Running convmixer_1536_20_Opset17.onnx...
Running convmixer_1536_20_Opset17_disable_all.onnx...
Running convmixer_1536_20_Opset17_basic.onnx...
Running convmixer_1536_20_Opset17_extended.onnx...
Running convmixer_1536_20_Opset18.onnx...
Running convmixer_1536_20_Opset18_disable_all.onnx...
Running convmixer_1536_20_Opset18_basic.onnx...
Running convmixer_1536_20_Opset18_extended.onnx...
Running convmixer_768_32_Opset16.onnx...
Running convmixer_768_32_Opset16_disable_all.onnx...
Running convmixer_768_32_Opset16_basic.onnx...
Running convmixer_768_32_Opset16_extended.onnx...
Running convmixer_768_32_Opset17.onnx...
Running convmixer_768_32_Opset17_disable_all.onnx...
Running convmixer_768_32_Opset17_basic.onnx...
Running convmixer_768_32_Opset17_extended.onnx...
Running convmixer_768_32_Opset18.onnx...
Running convmixer_768_32_Opset18_disable_all.onnx...
Running convmixer_768_32_Opset18_basic.onnx...
Running convmixer_768_32_Opset18_extended.onnx...
Running convnext_base_384_in22ft1k_Opset16.onnx...
Running convnext_base_384_in22ft1k_Opset16_disable_all.onnx...
Running convnext_base_384_in22ft1k_Opset16_basic.onnx...
Running convnext_base_384_in22ft1k_Opset16_extended.onnx...
Running convnext_base_384_in22ft1k_Opset17.onnx...
Running convnext_base_384_in22ft1k_Opset17_disable_all.onnx...
Running convnext_base_384_in22ft1k_Opset17_basic.onnx...
Running convnext_base_384_in22ft1k_Opset17_extended.onnx...
Running convnext_base_384_in22ft1k_Opset18.onnx...
Running convnext_base_384_in22ft1k_Opset18_disable_all.onnx...
Running convnext_base_384_in22ft1k_Opset18_basic.onnx...
Running convnext_base_384_in22ft1k_Opset18_extended.onnx...
Running convnext_base_Opset16_timm.onnx...
Running convnext_base_Opset16_timm_disable_all.onnx...
Running convnext_base_Opset16_timm_basic.onnx...
Running convnext_base_Opset16_timm_extended.onnx...
Running convnext_base_Opset16_torch_hub.onnx...
Running convnext_base_Opset16_torch_hub_disable_all.onnx...
Running convnext_base_Opset16_torch_hub_basic.onnx...
Running convnext_base_Opset16_torch_hub_extended.onnx...
Running convnext_base_Opset17_timm.onnx...
Running convnext_base_Opset17_timm_disable_all.onnx...
Running convnext_base_Opset17_timm_basic.onnx...
Running convnext_base_Opset17_timm_extended.onnx...
Running convnext_base_Opset17_torch_hub.onnx...
Running convnext_base_Opset17_torch_hub_disable_all.onnx...
Running convnext_base_Opset17_torch_hub_basic.onnx...
Running convnext_base_Opset17_torch_hub_extended.onnx...
Running convnext_base_Opset18_timm.onnx...
Running convnext_base_Opset18_timm_disable_all.onnx...
Running convnext_base_Opset18_timm_basic.onnx...
Running convnext_base_Opset18_timm_extended.onnx...
Running convnext_base_Opset18_torch_hub.onnx...
Running convnext_base_Opset18_torch_hub_disable_all.onnx...
Running convnext_base_Opset18_torch_hub_basic.onnx...
Running convnext_base_Opset18_torch_hub_extended.onnx...
Running convnext_base_in22ft1k_Opset16.onnx...
Running convnext_base_in22ft1k_Opset16_disable_all.onnx...
Running convnext_base_in22ft1k_Opset16_basic.onnx...
Running convnext_base_in22ft1k_Opset16_extended.onnx...
Running convnext_base_in22ft1k_Opset17.onnx...
Running convnext_base_in22ft1k_Opset17_disable_all.onnx...
Running convnext_base_in22ft1k_Opset17_basic.onnx...
Running convnext_base_in22ft1k_Opset17_extended.onnx...
Running convnext_base_in22ft1k_Opset18.onnx...
Running convnext_base_in22ft1k_Opset18_disable_all.onnx...
Running convnext_base_in22ft1k_Opset18_basic.onnx...
Running convnext_base_in22ft1k_Opset18_extended.onnx...
Running convnext_base_in22k_Opset16.onnx...
Running convnext_base_in22k_Opset16_disable_all.onnx...
Running convnext_base_in22k_Opset16_basic.onnx...
Running convnext_base_in22k_Opset16_extended.onnx...
Running convnext_base_in22k_Opset17.onnx...
Running convnext_base_in22k_Opset17_disable_all.onnx...
Running convnext_base_in22k_Opset17_basic.onnx...
Running convnext_base_in22k_Opset17_extended.onnx...
Running convnext_base_in22k_Opset18.onnx...
Running convnext_base_in22k_Opset18_disable_all.onnx...
Running convnext_base_in22k_Opset18_basic.onnx...
Running convnext_base_in22k_Opset18_extended.onnx...
Running convnext_large_384_in22ft1k_Opset16.onnx...
Running convnext_large_384_in22ft1k_Opset16_disable_all.onnx...
Running convnext_large_384_in22ft1k_Opset16_basic.onnx...
Running convnext_large_384_in22ft1k_Opset16_extended.onnx...
Running convnext_large_384_in22ft1k_Opset17.onnx...
Running convnext_large_384_in22ft1k_Opset17_disable_all.onnx...
Running convnext_large_384_in22ft1k_Opset17_basic.onnx...
Running convnext_large_384_in22ft1k_Opset17_extended.onnx...
Running convnext_large_384_in22ft1k_Opset18.onnx...
Running convnext_large_384_in22ft1k_Opset18_disable_all.onnx...
Running convnext_large_384_in22ft1k_Opset18_basic.onnx...
Running convnext_large_384_in22ft1k_Opset18_extended.onnx...
Running convnext_large_Opset16_timm.onnx...
Running convnext_large_Opset16_timm_disable_all.onnx...
Running convnext_large_Opset16_timm_basic.onnx...
Running convnext_large_Opset16_timm_extended.onnx...
Running convnext_large_Opset16_torch_hub.onnx...
Running convnext_large_Opset16_torch_hub_disable_all.onnx...
Running convnext_large_Opset16_torch_hub_basic.onnx...
Running convnext_large_Opset16_torch_hub_extended.onnx...
Running convnext_large_Opset17_timm.onnx...
Running convnext_large_Opset17_timm_disable_all.onnx...
Running convnext_large_Opset17_timm_basic.onnx...
Running convnext_large_Opset17_timm_extended.onnx...
Running convnext_large_Opset17_torch_hub.onnx...
Running convnext_large_Opset17_torch_hub_disable_all.onnx...
Running convnext_large_Opset17_torch_hub_basic.onnx...
Running convnext_large_Opset17_torch_hub_extended.onnx...
Running convnext_large_Opset18_timm.onnx...
Running convnext_large_Opset18_timm_disable_all.onnx...
Running convnext_large_Opset18_timm_basic.onnx...
Running convnext_large_Opset18_timm_extended.onnx...
Running convnext_large_Opset18_torch_hub.onnx...
Running convnext_large_Opset18_torch_hub_disable_all.onnx...
Running convnext_large_Opset18_torch_hub_basic.onnx...
Running convnext_large_Opset18_torch_hub_extended.onnx...
Running convnext_large_in22ft1k_Opset16.onnx...
Running convnext_large_in22ft1k_Opset16_disable_all.onnx...
Running convnext_large_in22ft1k_Opset16_basic.onnx...
Running convnext_large_in22ft1k_Opset16_extended.onnx...
Running convnext_large_in22ft1k_Opset17.onnx...
Running convnext_large_in22ft1k_Opset17_disable_all.onnx...
Running convnext_large_in22ft1k_Opset17_basic.onnx...
Running convnext_large_in22ft1k_Opset17_extended.onnx...
Running convnext_large_in22ft1k_Opset18.onnx...
Running convnext_large_in22ft1k_Opset18_disable_all.onnx...
Running convnext_large_in22ft1k_Opset18_basic.onnx...
Running convnext_large_in22ft1k_Opset18_extended.onnx...
Running convnext_large_in22k_Opset16.onnx...
Running convnext_large_in22k_Opset16_disable_all.onnx...
Running convnext_large_in22k_Opset16_basic.onnx...
Running convnext_large_in22k_Opset16_extended.onnx...
Running convnext_large_in22k_Opset17.onnx...
Running convnext_large_in22k_Opset17_disable_all.onnx...
Running convnext_large_in22k_Opset17_basic.onnx...
Running convnext_large_in22k_Opset17_extended.onnx...
Running convnext_large_in22k_Opset18.onnx...
Running convnext_large_in22k_Opset18_disable_all.onnx...
Running convnext_large_in22k_Opset18_basic.onnx...
Running convnext_large_in22k_Opset18_extended.onnx...
Running convnext_nano_Opset16.onnx...
Running convnext_nano_Opset16_disable_all.onnx...
Running convnext_nano_Opset16_basic.onnx...
Running convnext_nano_Opset16_extended.onnx...
Running convnext_nano_Opset17.onnx...
Running convnext_nano_Opset17_disable_all.onnx...
Running convnext_nano_Opset17_basic.onnx...
Running convnext_nano_Opset17_extended.onnx...
Running convnext_nano_Opset18.onnx...
Running convnext_nano_Opset18_disable_all.onnx...
Running convnext_nano_Opset18_basic.onnx...
Running convnext_nano_Opset18_extended.onnx...
Running convnext_nano_ols_Opset16.onnx...
Running convnext_nano_ols_Opset16_disable_all.onnx...
Running convnext_nano_ols_Opset16_basic.onnx...
Running convnext_nano_ols_Opset16_extended.onnx...
Running convnext_nano_ols_Opset17.onnx...
Running convnext_nano_ols_Opset17_disable_all.onnx...
Running convnext_nano_ols_Opset17_basic.onnx...
Running convnext_nano_ols_Opset17_extended.onnx...
Running convnext_nano_ols_Opset18.onnx...
Running convnext_nano_ols_Opset18_disable_all.onnx...
Running convnext_nano_ols_Opset18_basic.onnx...
Running convnext_nano_ols_Opset18_extended.onnx...
Running convnext_small_384_in22ft1k_Opset16.onnx...
Running convnext_small_384_in22ft1k_Opset16_disable_all.onnx...
Running convnext_small_384_in22ft1k_Opset16_basic.onnx...
Running convnext_small_384_in22ft1k_Opset16_extended.onnx...
Running convnext_small_384_in22ft1k_Opset17.onnx...
Running convnext_small_384_in22ft1k_Opset17_disable_all.onnx...
Running convnext_small_384_in22ft1k_Opset17_basic.onnx...
Running convnext_small_384_in22ft1k_Opset17_extended.onnx...
Running convnext_small_384_in22ft1k_Opset18.onnx...
Running convnext_small_384_in22ft1k_Opset18_disable_all.onnx...
Running convnext_small_384_in22ft1k_Opset18_basic.onnx...
Running convnext_small_384_in22ft1k_Opset18_extended.onnx...
Running convnext_small_Opset16_timm.onnx...
Running convnext_small_Opset16_timm_disable_all.onnx...
Running convnext_small_Opset16_timm_basic.onnx...
Running convnext_small_Opset16_timm_extended.onnx...
Running convnext_small_Opset16_torch_hub.onnx...
Running convnext_small_Opset16_torch_hub_disable_all.onnx...
Running convnext_small_Opset16_torch_hub_basic.onnx...
Running convnext_small_Opset16_torch_hub_extended.onnx...
Running convnext_small_Opset17_timm.onnx...
Running convnext_small_Opset17_timm_disable_all.onnx...
Running convnext_small_Opset17_timm_basic.onnx...
Running convnext_small_Opset17_timm_extended.onnx...
Running convnext_small_Opset17_torch_hub.onnx...
Running convnext_small_Opset17_torch_hub_disable_all.onnx...
Running convnext_small_Opset17_torch_hub_basic.onnx...
Running convnext_small_Opset17_torch_hub_extended.onnx...
Running convnext_small_Opset18_timm.onnx...
Running convnext_small_Opset18_timm_disable_all.onnx...
Running convnext_small_Opset18_timm_basic.onnx...
Running convnext_small_Opset18_timm_extended.onnx...
Running convnext_small_Opset18_torch_hub.onnx...
Running convnext_small_Opset18_torch_hub_disable_all.onnx...
Running convnext_small_Opset18_torch_hub_basic.onnx...
Running convnext_small_Opset18_torch_hub_extended.onnx...
Running convnext_small_in22ft1k_Opset16.onnx...
Running convnext_small_in22ft1k_Opset16_disable_all.onnx...
Running convnext_small_in22ft1k_Opset16_basic.onnx...
Running convnext_small_in22ft1k_Opset16_extended.onnx...
Running convnext_small_in22ft1k_Opset17.onnx...
Running convnext_small_in22ft1k_Opset17_disable_all.onnx...
Running convnext_small_in22ft1k_Opset17_basic.onnx...
Running convnext_small_in22ft1k_Opset17_extended.onnx...
Running convnext_small_in22ft1k_Opset18.onnx...
Running convnext_small_in22ft1k_Opset18_disable_all.onnx...
Running convnext_small_in22ft1k_Opset18_basic.onnx...
Running convnext_small_in22ft1k_Opset18_extended.onnx...
Running convnext_small_in22k_Opset16.onnx...
Running convnext_small_in22k_Opset16_disable_all.onnx...
Running convnext_small_in22k_Opset16_basic.onnx...
Running convnext_small_in22k_Opset16_extended.onnx...
Running convnext_small_in22k_Opset17.onnx...
Running convnext_small_in22k_Opset17_disable_all.onnx...
Running convnext_small_in22k_Opset17_basic.onnx...
Running convnext_small_in22k_Opset17_extended.onnx...
Running convnext_small_in22k_Opset18.onnx...
Running convnext_small_in22k_Opset18_disable_all.onnx...
Running convnext_small_in22k_Opset18_basic.onnx...
Running convnext_small_in22k_Opset18_extended.onnx...
Running convnext_tiny_384_in22ft1k_Opset16.onnx...
Running convnext_tiny_384_in22ft1k_Opset16_disable_all.onnx...
Running convnext_tiny_384_in22ft1k_Opset16_basic.onnx...
Running convnext_tiny_384_in22ft1k_Opset16_extended.onnx...
Running convnext_tiny_384_in22ft1k_Opset17.onnx...
Running convnext_tiny_384_in22ft1k_Opset17_disable_all.onnx...
Running convnext_tiny_384_in22ft1k_Opset17_basic.onnx...
Running convnext_tiny_384_in22ft1k_Opset17_extended.onnx...
Running convnext_tiny_384_in22ft1k_Opset18.onnx...
Running convnext_tiny_384_in22ft1k_Opset18_disable_all.onnx...
Running convnext_tiny_384_in22ft1k_Opset18_basic.onnx...
Running convnext_tiny_384_in22ft1k_Opset18_extended.onnx...
Running convnext_tiny_Opset16_timm.onnx...
Running convnext_tiny_Opset16_timm_disable_all.onnx...
Running convnext_tiny_Opset16_timm_basic.onnx...
Running convnext_tiny_Opset16_timm_extended.onnx...
Running convnext_tiny_Opset16_torch_hub.onnx...
Running convnext_tiny_Opset16_torch_hub_disable_all.onnx...
Running convnext_tiny_Opset16_torch_hub_basic.onnx...
Running convnext_tiny_Opset16_torch_hub_extended.onnx...
Running convnext_tiny_Opset17_timm.onnx...
Running convnext_tiny_Opset17_timm_disable_all.onnx...
Running convnext_tiny_Opset17_timm_basic.onnx...
Running convnext_tiny_Opset17_timm_extended.onnx...
Running convnext_tiny_Opset17_torch_hub.onnx...
Running convnext_tiny_Opset17_torch_hub_disable_all.onnx...
Running convnext_tiny_Opset17_torch_hub_basic.onnx...
Running convnext_tiny_Opset17_torch_hub_extended.onnx...
Running convnext_tiny_Opset18_timm.onnx...
Running convnext_tiny_Opset18_timm_disable_all.onnx...
Running convnext_tiny_Opset18_timm_basic.onnx...
Running convnext_tiny_Opset18_timm_extended.onnx...
Running convnext_tiny_Opset18_torch_hub.onnx...
Running convnext_tiny_Opset18_torch_hub_disable_all.onnx...
Running convnext_tiny_Opset18_torch_hub_basic.onnx...
Running convnext_tiny_Opset18_torch_hub_extended.onnx...
Running convnext_tiny_hnf_Opset16.onnx...
Running convnext_tiny_hnf_Opset16_disable_all.onnx...
Running convnext_tiny_hnf_Opset16_basic.onnx...
Running convnext_tiny_hnf_Opset16_extended.onnx...
Running convnext_tiny_hnf_Opset17.onnx...
Running convnext_tiny_hnf_Opset17_disable_all.onnx...
Running convnext_tiny_hnf_Opset17_basic.onnx...
Running convnext_tiny_hnf_Opset17_extended.onnx...
Running convnext_tiny_hnf_Opset18.onnx...
Running convnext_tiny_hnf_Opset18_disable_all.onnx...
Running convnext_tiny_hnf_Opset18_basic.onnx...
Running convnext_tiny_hnf_Opset18_extended.onnx...
Running convnext_tiny_in22ft1k_Opset16.onnx...
Running convnext_tiny_in22ft1k_Opset16_disable_all.onnx...
Running convnext_tiny_in22ft1k_Opset16_basic.onnx...
Running convnext_tiny_in22ft1k_Opset16_extended.onnx...
Running convnext_tiny_in22ft1k_Opset17.onnx...
Running convnext_tiny_in22ft1k_Opset17_disable_all.onnx...
Running convnext_tiny_in22ft1k_Opset17_basic.onnx...
Running convnext_tiny_in22ft1k_Opset17_extended.onnx...
Running convnext_tiny_in22ft1k_Opset18.onnx...
Running convnext_tiny_in22ft1k_Opset18_disable_all.onnx...
Running convnext_tiny_in22ft1k_Opset18_basic.onnx...
Running convnext_tiny_in22ft1k_Opset18_extended.onnx...
Running convnext_tiny_in22k_Opset16.onnx...
Running convnext_tiny_in22k_Opset16_disable_all.onnx...
Running convnext_tiny_in22k_Opset16_basic.onnx...
Running convnext_tiny_in22k_Opset16_extended.onnx...
Running convnext_tiny_in22k_Opset17.onnx...
Running convnext_tiny_in22k_Opset17_disable_all.onnx...
Running convnext_tiny_in22k_Opset17_basic.onnx...
Running convnext_tiny_in22k_Opset17_extended.onnx...
Running convnext_tiny_in22k_Opset18.onnx...
Running convnext_tiny_in22k_Opset18_disable_all.onnx...
Running convnext_tiny_in22k_Opset18_basic.onnx...
Running convnext_tiny_in22k_Opset18_extended.onnx...
Running convnext_xlarge_384_in22ft1k_Opset16.onnx...
Running convnext_xlarge_384_in22ft1k_Opset16_disable_all.onnx...
Running convnext_xlarge_384_in22ft1k_Opset16_basic.onnx...
Running convnext_xlarge_384_in22ft1k_Opset16_extended.onnx...
Running convnext_xlarge_384_in22ft1k_Opset17.onnx...
Running convnext_xlarge_384_in22ft1k_Opset17_disable_all.onnx...
Running convnext_xlarge_384_in22ft1k_Opset17_basic.onnx...
Running convnext_xlarge_384_in22ft1k_Opset17_extended.onnx...
Running convnext_xlarge_384_in22ft1k_Opset18.onnx...
Running convnext_xlarge_384_in22ft1k_Opset18_disable_all.onnx...
Running convnext_xlarge_384_in22ft1k_Opset18_basic.onnx...
Running convnext_xlarge_384_in22ft1k_Opset18_extended.onnx...
Running convnext_xlarge_in22ft1k_Opset16.onnx...
Running convnext_xlarge_in22ft1k_Opset16_disable_all.onnx...
Running convnext_xlarge_in22ft1k_Opset16_basic.onnx...
Running convnext_xlarge_in22ft1k_Opset16_extended.onnx...
Running convnext_xlarge_in22ft1k_Opset17.onnx...
Running convnext_xlarge_in22ft1k_Opset17_disable_all.onnx...
Running convnext_xlarge_in22ft1k_Opset17_basic.onnx...
Running convnext_xlarge_in22ft1k_Opset17_extended.onnx...
Running convnext_xlarge_in22ft1k_Opset18.onnx...
Running convnext_xlarge_in22ft1k_Opset18_disable_all.onnx...
Running convnext_xlarge_in22ft1k_Opset18_basic.onnx...
Running convnext_xlarge_in22ft1k_Opset18_extended.onnx...
Running convnext_xlarge_in22k_Opset16.onnx...
Running convnext_xlarge_in22k_Opset16_disable_all.onnx...
Running convnext_xlarge_in22k_Opset16_basic.onnx...
Running convnext_xlarge_in22k_Opset16_extended.onnx...
Running convnext_xlarge_in22k_Opset17.onnx...
Running convnext_xlarge_in22k_Opset17_disable_all.onnx...
Running convnext_xlarge_in22k_Opset17_basic.onnx...
Running convnext_xlarge_in22k_Opset17_extended.onnx...
Running convnext_xlarge_in22k_Opset18.onnx...
Running convnext_xlarge_in22k_Opset18_disable_all.onnx...
Running convnext_xlarge_in22k_Opset18_basic.onnx...
Running convnext_xlarge_in22k_Opset18_extended.onnx...
Running crossvit_15_240_Opset16.onnx...
Running crossvit_15_240_Opset16_disable_all.onnx...
Running crossvit_15_240_Opset16_basic.onnx...
Running crossvit_15_240_Opset16_extended.onnx...
Running crossvit_15_240_Opset17.onnx...
Running crossvit_15_240_Opset17_disable_all.onnx...
Running crossvit_15_240_Opset17_basic.onnx...
Running crossvit_15_240_Opset17_extended.onnx...
Running crossvit_15_dagger_240_Opset16.onnx...
Running crossvit_15_dagger_240_Opset16_disable_all.onnx...
Running crossvit_15_dagger_240_Opset16_basic.onnx...
Running crossvit_15_dagger_240_Opset16_extended.onnx...
Running crossvit_15_dagger_240_Opset17.onnx...
Running crossvit_15_dagger_240_Opset17_disable_all.onnx...
Running crossvit_15_dagger_240_Opset17_basic.onnx...
Running crossvit_15_dagger_240_Opset17_extended.onnx...
Running crossvit_15_dagger_408_Opset16.onnx...
Running crossvit_15_dagger_408_Opset16_disable_all.onnx...
Running crossvit_15_dagger_408_Opset16_basic.onnx...
Running crossvit_15_dagger_408_Opset16_extended.onnx...
Running crossvit_15_dagger_408_Opset17.onnx...
Running crossvit_15_dagger_408_Opset17_disable_all.onnx...
Running crossvit_15_dagger_408_Opset17_basic.onnx...
Running crossvit_15_dagger_408_Opset17_extended.onnx...
Running crossvit_18_240_Opset16.onnx...
Running crossvit_18_240_Opset16_disable_all.onnx...
Running crossvit_18_240_Opset16_basic.onnx...
Running crossvit_18_240_Opset16_extended.onnx...
Running crossvit_18_240_Opset17.onnx...
Running crossvit_18_240_Opset17_disable_all.onnx...
Running crossvit_18_240_Opset17_basic.onnx...
Running crossvit_18_240_Opset17_extended.onnx...
Running crossvit_18_dagger_240_Opset16.onnx...
Running crossvit_18_dagger_240_Opset16_disable_all.onnx...
Running crossvit_18_dagger_240_Opset16_basic.onnx...
Running crossvit_18_dagger_240_Opset16_extended.onnx...
Running crossvit_18_dagger_240_Opset17.onnx...
Running crossvit_18_dagger_240_Opset17_disable_all.onnx...
Running crossvit_18_dagger_240_Opset17_basic.onnx...
Running crossvit_18_dagger_240_Opset17_extended.onnx...
Running crossvit_18_dagger_408_Opset16.onnx...
Running crossvit_18_dagger_408_Opset16_disable_all.onnx...
Running crossvit_18_dagger_408_Opset16_basic.onnx...
Running crossvit_18_dagger_408_Opset16_extended.onnx...
Running crossvit_18_dagger_408_Opset17.onnx...
Running crossvit_18_dagger_408_Opset17_disable_all.onnx...
Running crossvit_18_dagger_408_Opset17_basic.onnx...
Running crossvit_18_dagger_408_Opset17_extended.onnx...
Running crossvit_9_240_Opset16.onnx...
Running crossvit_9_240_Opset16_disable_all.onnx...
Running crossvit_9_240_Opset16_basic.onnx...
Running crossvit_9_240_Opset16_extended.onnx...
Running crossvit_9_240_Opset17.onnx...
Running crossvit_9_240_Opset17_disable_all.onnx...
Running crossvit_9_240_Opset17_basic.onnx...
Running crossvit_9_240_Opset17_extended.onnx...
Running crossvit_9_dagger_240_Opset16.onnx...
Running crossvit_9_dagger_240_Opset16_disable_all.onnx...
Running crossvit_9_dagger_240_Opset16_basic.onnx...
Running crossvit_9_dagger_240_Opset16_extended.onnx...
Running crossvit_9_dagger_240_Opset17.onnx...
Running crossvit_9_dagger_240_Opset17_disable_all.onnx...
Running crossvit_9_dagger_240_Opset17_basic.onnx...
Running crossvit_9_dagger_240_Opset17_extended.onnx...
Running crossvit_base_240_Opset16.onnx...
Running crossvit_base_240_Opset16_disable_all.onnx...
Running crossvit_base_240_Opset16_basic.onnx...
Running crossvit_base_240_Opset16_extended.onnx...
Running crossvit_base_240_Opset17.onnx...
Running crossvit_base_240_Opset17_disable_all.onnx...
Running crossvit_base_240_Opset17_basic.onnx...
Running crossvit_base_240_Opset17_extended.onnx...
Running crossvit_small_240_Opset16.onnx...
Running crossvit_small_240_Opset16_disable_all.onnx...
Running crossvit_small_240_Opset16_basic.onnx...
Running crossvit_small_240_Opset16_extended.onnx...
Running crossvit_small_240_Opset17.onnx...
Running crossvit_small_240_Opset17_disable_all.onnx...
Running crossvit_small_240_Opset17_basic.onnx...
Running crossvit_small_240_Opset17_extended.onnx...
Running crossvit_tiny_240_Opset16.onnx...
Running crossvit_tiny_240_Opset16_disable_all.onnx...
Running crossvit_tiny_240_Opset16_basic.onnx...
Running crossvit_tiny_240_Opset16_extended.onnx...
Running crossvit_tiny_240_Opset17.onnx...
Running crossvit_tiny_240_Opset17_disable_all.onnx...
Running crossvit_tiny_240_Opset17_basic.onnx...
Running crossvit_tiny_240_Opset17_extended.onnx...
Running cs3darknet_focus_l_Opset16.onnx...
Running cs3darknet_focus_l_Opset16_disable_all.onnx...
Running cs3darknet_focus_l_Opset16_basic.onnx...
Running cs3darknet_focus_l_Opset16_extended.onnx...
Running cs3darknet_focus_l_Opset17.onnx...
Running cs3darknet_focus_l_Opset17_disable_all.onnx...
Running cs3darknet_focus_l_Opset17_basic.onnx...
Running cs3darknet_focus_l_Opset17_extended.onnx...
Running cs3darknet_focus_l_Opset18.onnx...
Running cs3darknet_focus_l_Opset18_disable_all.onnx...
Running cs3darknet_focus_l_Opset18_basic.onnx...
Running cs3darknet_focus_l_Opset18_extended.onnx...
Running cs3darknet_focus_m_Opset16.onnx...
Running cs3darknet_focus_m_Opset16_disable_all.onnx...
Running cs3darknet_focus_m_Opset16_basic.onnx...
Running cs3darknet_focus_m_Opset16_extended.onnx...
Running cs3darknet_focus_m_Opset17.onnx...
Running cs3darknet_focus_m_Opset17_disable_all.onnx...
Running cs3darknet_focus_m_Opset17_basic.onnx...
Running cs3darknet_focus_m_Opset17_extended.onnx...
Running cs3darknet_focus_m_Opset18.onnx...
Running cs3darknet_focus_m_Opset18_disable_all.onnx...
Running cs3darknet_focus_m_Opset18_basic.onnx...
Running cs3darknet_focus_m_Opset18_extended.onnx...
Running cs3darknet_l_Opset16.onnx...
Running cs3darknet_l_Opset16_disable_all.onnx...
Running cs3darknet_l_Opset16_basic.onnx...
Running cs3darknet_l_Opset16_extended.onnx...
Running cs3darknet_l_Opset17.onnx...
Running cs3darknet_l_Opset17_disable_all.onnx...
Running cs3darknet_l_Opset17_basic.onnx...
Running cs3darknet_l_Opset17_extended.onnx...
Running cs3darknet_l_Opset18.onnx...
Running cs3darknet_l_Opset18_disable_all.onnx...
Running cs3darknet_l_Opset18_basic.onnx...
Running cs3darknet_l_Opset18_extended.onnx...
Running cs3darknet_m_Opset16.onnx...
Running cs3darknet_m_Opset16_disable_all.onnx...
Running cs3darknet_m_Opset16_basic.onnx...
Running cs3darknet_m_Opset16_extended.onnx...
Running cs3darknet_m_Opset17.onnx...
Running cs3darknet_m_Opset17_disable_all.onnx...
Running cs3darknet_m_Opset17_basic.onnx...
Running cs3darknet_m_Opset17_extended.onnx...
Running cs3darknet_m_Opset18.onnx...
Running cs3darknet_m_Opset18_disable_all.onnx...
Running cs3darknet_m_Opset18_basic.onnx...
Running cs3darknet_m_Opset18_extended.onnx...
Running cs3darknet_x_Opset16.onnx...
Running cs3darknet_x_Opset16_disable_all.onnx...
Running cs3darknet_x_Opset16_basic.onnx...
Running cs3darknet_x_Opset16_extended.onnx...
Running cs3darknet_x_Opset17.onnx...
Running cs3darknet_x_Opset17_disable_all.onnx...
Running cs3darknet_x_Opset17_basic.onnx...
Running cs3darknet_x_Opset17_extended.onnx...
Running cs3darknet_x_Opset18.onnx...
Running cs3darknet_x_Opset18_disable_all.onnx...
Running cs3darknet_x_Opset18_basic.onnx...
Running cs3darknet_x_Opset18_extended.onnx...
Running cs3edgenet_x_Opset16.onnx...
Running cs3edgenet_x_Opset16_disable_all.onnx...
Running cs3edgenet_x_Opset16_basic.onnx...
Running cs3edgenet_x_Opset16_extended.onnx...
Running cs3edgenet_x_Opset17.onnx...
Running cs3edgenet_x_Opset17_disable_all.onnx...
Running cs3edgenet_x_Opset17_basic.onnx...
Running cs3edgenet_x_Opset17_extended.onnx...
Running cs3edgenet_x_Opset18.onnx...
Running cs3edgenet_x_Opset18_disable_all.onnx...
Running cs3edgenet_x_Opset18_basic.onnx...
Running cs3edgenet_x_Opset18_extended.onnx...
Running cs3se_edgenet_x_Opset16.onnx...
Running cs3se_edgenet_x_Opset16_disable_all.onnx...
Running cs3se_edgenet_x_Opset16_basic.onnx...
Running cs3se_edgenet_x_Opset16_extended.onnx...
Running cs3se_edgenet_x_Opset17.onnx...
Running cs3se_edgenet_x_Opset17_disable_all.onnx...
Running cs3se_edgenet_x_Opset17_basic.onnx...
Running cs3se_edgenet_x_Opset17_extended.onnx...
Running cs3sedarknet_l_Opset16.onnx...
Running cs3sedarknet_l_Opset16_disable_all.onnx...
Running cs3sedarknet_l_Opset16_basic.onnx...
Running cs3sedarknet_l_Opset16_extended.onnx...
Running cs3sedarknet_l_Opset17.onnx...
Running cs3sedarknet_l_Opset17_disable_all.onnx...
Running cs3sedarknet_l_Opset17_basic.onnx...
Running cs3sedarknet_l_Opset17_extended.onnx...
Running cs3sedarknet_x_Opset16.onnx...
Running cs3sedarknet_x_Opset16_disable_all.onnx...
Running cs3sedarknet_x_Opset16_basic.onnx...
Running cs3sedarknet_x_Opset16_extended.onnx...
Running cs3sedarknet_x_Opset17.onnx...
Running cs3sedarknet_x_Opset17_disable_all.onnx...
Running cs3sedarknet_x_Opset17_basic.onnx...
Running cs3sedarknet_x_Opset17_extended.onnx...
Running cspdarknet53_Opset16.onnx...
Running cspdarknet53_Opset16_disable_all.onnx...
Running cspdarknet53_Opset16_basic.onnx...
Running cspdarknet53_Opset16_extended.onnx...
Running cspdarknet53_Opset17.onnx...
Running cspdarknet53_Opset17_disable_all.onnx...
Running cspdarknet53_Opset17_basic.onnx...
Running cspdarknet53_Opset17_extended.onnx...
Running cspdarknet53_Opset18.onnx...
Running cspdarknet53_Opset18_disable_all.onnx...
Running cspdarknet53_Opset18_basic.onnx...
Running cspdarknet53_Opset18_extended.onnx...
Running cspresnet50_Opset16.onnx...
Running cspresnet50_Opset16_disable_all.onnx...
Running cspresnet50_Opset16_basic.onnx...
Running cspresnet50_Opset16_extended.onnx...
Running cspresnet50_Opset17.onnx...
Running cspresnet50_Opset17_disable_all.onnx...
Running cspresnet50_Opset17_basic.onnx...
Running cspresnet50_Opset17_extended.onnx...
Running cspresnet50_Opset18.onnx...
Running cspresnet50_Opset18_disable_all.onnx...
Running cspresnet50_Opset18_basic.onnx...
Running cspresnet50_Opset18_extended.onnx...
Running cspresnext50_Opset16.onnx...
Running cspresnext50_Opset16_disable_all.onnx...
Running cspresnext50_Opset16_basic.onnx...
Running cspresnext50_Opset16_extended.onnx...
Running cspresnext50_Opset17.onnx...
Running cspresnext50_Opset17_disable_all.onnx...
Running cspresnext50_Opset17_basic.onnx...
Running cspresnext50_Opset17_extended.onnx...
Running cspresnext50_Opset18.onnx...
Running cspresnext50_Opset18_disable_all.onnx...
Running cspresnext50_Opset18_basic.onnx...
Running cspresnext50_Opset18_extended.onnx...
Running darknet53_Opset16.onnx...
Running darknet53_Opset16_disable_all.onnx...
Running darknet53_Opset16_basic.onnx...
Running darknet53_Opset16_extended.onnx...
Running darknet53_Opset17.onnx...
Running darknet53_Opset17_disable_all.onnx...
Running darknet53_Opset17_basic.onnx...
Running darknet53_Opset17_extended.onnx...
Running darknet53_Opset18.onnx...
Running darknet53_Opset18_disable_all.onnx...
Running darknet53_Opset18_basic.onnx...
Running darknet53_Opset18_extended.onnx...
Running darknetaa53_Opset16.onnx...
Running darknetaa53_Opset16_disable_all.onnx...
Running darknetaa53_Opset16_basic.onnx...
Running darknetaa53_Opset16_extended.onnx...
Running darknetaa53_Opset17.onnx...
Running darknetaa53_Opset17_disable_all.onnx...
Running darknetaa53_Opset17_basic.onnx...
Running darknetaa53_Opset17_extended.onnx...
Running darknetaa53_Opset18.onnx...
Running darknetaa53_Opset18_disable_all.onnx...
Running darknetaa53_Opset18_basic.onnx...
Running darknetaa53_Opset18_extended.onnx...
Running deberta_Opset16.onnx...
Running deberta_Opset16_disable_all.onnx...
Running deberta_Opset16_basic.onnx...
Running deberta_Opset16_extended.onnx...
Running deberta_Opset17.onnx...
Running deberta_Opset17_disable_all.onnx...
Running deberta_Opset17_basic.onnx...
Running deberta_Opset17_extended.onnx...
Running deit3_base_patch16_224_Opset16.onnx...
Running deit3_base_patch16_224_Opset16_disable_all.onnx...
Running deit3_base_patch16_224_Opset16_basic.onnx...
Running deit3_base_patch16_224_Opset16_extended.onnx...
Running deit3_base_patch16_224_Opset17.onnx...
Running deit3_base_patch16_224_Opset17_disable_all.onnx...
Running deit3_base_patch16_224_Opset17_basic.onnx...
Running deit3_base_patch16_224_Opset17_extended.onnx...
Running deit3_base_patch16_224_Opset18.onnx...
Running deit3_base_patch16_224_Opset18_disable_all.onnx...
Running deit3_base_patch16_224_Opset18_basic.onnx...
Running deit3_base_patch16_224_Opset18_extended.onnx...
Running deit3_base_patch16_224_in21ft1k_Opset16.onnx...
Running deit3_base_patch16_224_in21ft1k_Opset16_disable_all.onnx...
Running deit3_base_patch16_224_in21ft1k_Opset16_basic.onnx...
Running deit3_base_patch16_224_in21ft1k_Opset16_extended.onnx...
Running deit3_base_patch16_224_in21ft1k_Opset17.onnx...
Running deit3_base_patch16_224_in21ft1k_Opset17_disable_all.onnx...
Running deit3_base_patch16_224_in21ft1k_Opset17_basic.onnx...
Running deit3_base_patch16_224_in21ft1k_Opset17_extended.onnx...
Running deit3_base_patch16_224_in21ft1k_Opset18.onnx...
Running deit3_base_patch16_224_in21ft1k_Opset18_disable_all.onnx...
Running deit3_base_patch16_224_in21ft1k_Opset18_basic.onnx...
Running deit3_base_patch16_224_in21ft1k_Opset18_extended.onnx...
Running deit3_base_patch16_384_Opset16.onnx...
Running deit3_base_patch16_384_Opset16_disable_all.onnx...
Running deit3_base_patch16_384_Opset16_basic.onnx...
Running deit3_base_patch16_384_Opset16_extended.onnx...
Running deit3_base_patch16_384_Opset17.onnx...
Running deit3_base_patch16_384_Opset17_disable_all.onnx...
Running deit3_base_patch16_384_Opset17_basic.onnx...
Running deit3_base_patch16_384_Opset17_extended.onnx...
Running deit3_base_patch16_384_Opset18.onnx...
Running deit3_base_patch16_384_Opset18_disable_all.onnx...
Running deit3_base_patch16_384_Opset18_basic.onnx...
Running deit3_base_patch16_384_Opset18_extended.onnx...
Running deit3_base_patch16_384_in21ft1k_Opset16.onnx...
Running deit3_base_patch16_384_in21ft1k_Opset16_disable_all.onnx...
Running deit3_base_patch16_384_in21ft1k_Opset16_basic.onnx...
Running deit3_base_patch16_384_in21ft1k_Opset16_extended.onnx...
Running deit3_base_patch16_384_in21ft1k_Opset17.onnx...
Running deit3_base_patch16_384_in21ft1k_Opset17_disable_all.onnx...
Running deit3_base_patch16_384_in21ft1k_Opset17_basic.onnx...
Running deit3_base_patch16_384_in21ft1k_Opset17_extended.onnx...
Running deit3_base_patch16_384_in21ft1k_Opset18.onnx...
Running deit3_base_patch16_384_in21ft1k_Opset18_disable_all.onnx...
Running deit3_base_patch16_384_in21ft1k_Opset18_basic.onnx...
Running deit3_base_patch16_384_in21ft1k_Opset18_extended.onnx...
Running deit3_large_patch16_224_Opset16.onnx...
Running deit3_large_patch16_224_Opset16_disable_all.onnx...
Running deit3_large_patch16_224_Opset16_basic.onnx...
Running deit3_large_patch16_224_Opset16_extended.onnx...
Running deit3_large_patch16_224_Opset17.onnx...
Running deit3_large_patch16_224_Opset17_disable_all.onnx...
Running deit3_large_patch16_224_Opset17_basic.onnx...
Running deit3_large_patch16_224_Opset17_extended.onnx...
Running deit3_large_patch16_224_Opset18.onnx...
Running deit3_large_patch16_224_Opset18_disable_all.onnx...
Running deit3_large_patch16_224_Opset18_basic.onnx...
Running deit3_large_patch16_224_Opset18_extended.onnx...
Running deit3_large_patch16_224_in21ft1k_Opset16.onnx...
Running deit3_large_patch16_224_in21ft1k_Opset16_disable_all.onnx...
Running deit3_large_patch16_224_in21ft1k_Opset16_basic.onnx...
Running deit3_large_patch16_224_in21ft1k_Opset16_extended.onnx...
Running deit3_large_patch16_224_in21ft1k_Opset17.onnx...
Failed deit3_large_patch16_224_in21ft1k_Opset17.onnx: Error parsing message with type 'onnx.ModelProto'
Running deit3_large_patch16_224_in21ft1k_Opset17_disable_all.onnx...
Failed deit3_large_patch16_224_in21ft1k_Opset17_disable_all.onnx: Error parsing message with type 'onnx.ModelProto'
Running deit3_large_patch16_224_in21ft1k_Opset17_basic.onnx...
Failed deit3_large_patch16_224_in21ft1k_Opset17_basic.onnx: Error parsing message with type 'onnx.ModelProto'
Running deit3_large_patch16_224_in21ft1k_Opset17_extended.onnx...
Failed deit3_large_patch16_224_in21ft1k_Opset17_extended.onnx: Error parsing message with type 'onnx.ModelProto'
Running deit3_large_patch16_224_in21ft1k_Opset18.onnx...
Running deit3_large_patch16_224_in21ft1k_Opset18_disable_all.onnx...
Running deit3_large_patch16_224_in21ft1k_Opset18_basic.onnx...
Running deit3_large_patch16_224_in21ft1k_Opset18_extended.onnx...
Running deit3_large_patch16_384_Opset16.onnx...
Running deit3_large_patch16_384_Opset16_disable_all.onnx...
Running deit3_large_patch16_384_Opset16_basic.onnx...
Running deit3_large_patch16_384_Opset16_extended.onnx...
Running deit3_large_patch16_384_Opset17.onnx...
Running deit3_large_patch16_384_Opset17_disable_all.onnx...
Running deit3_large_patch16_384_Opset17_basic.onnx...
Running deit3_large_patch16_384_Opset17_extended.onnx...
Running deit3_large_patch16_384_Opset18.onnx...
Running deit3_large_patch16_384_Opset18_disable_all.onnx...
Running deit3_large_patch16_384_Opset18_basic.onnx...
Running deit3_large_patch16_384_Opset18_extended.onnx...
Running deit3_large_patch16_384_in21ft1k_Opset16.onnx...
Running deit3_large_patch16_384_in21ft1k_Opset16_disable_all.onnx...
Running deit3_large_patch16_384_in21ft1k_Opset16_basic.onnx...
Running deit3_large_patch16_384_in21ft1k_Opset16_extended.onnx...
Running deit3_large_patch16_384_in21ft1k_Opset17.onnx...
Running deit3_large_patch16_384_in21ft1k_Opset17_disable_all.onnx...
Running deit3_large_patch16_384_in21ft1k_Opset17_basic.onnx...
Running deit3_large_patch16_384_in21ft1k_Opset17_extended.onnx...
Running deit3_large_patch16_384_in21ft1k_Opset18.onnx...
Running deit3_large_patch16_384_in21ft1k_Opset18_disable_all.onnx...
Running deit3_large_patch16_384_in21ft1k_Opset18_basic.onnx...
Running deit3_large_patch16_384_in21ft1k_Opset18_extended.onnx...
Running deit3_small_patch16_224_Opset16.onnx...
Running deit3_small_patch16_224_Opset16_disable_all.onnx...
Running deit3_small_patch16_224_Opset16_basic.onnx...
Running deit3_small_patch16_224_Opset16_extended.onnx...
Running deit3_small_patch16_224_Opset17.onnx...
Running deit3_small_patch16_224_Opset17_disable_all.onnx...
Running deit3_small_patch16_224_Opset17_basic.onnx...
Running deit3_small_patch16_224_Opset17_extended.onnx...
Running deit3_small_patch16_224_Opset18.onnx...
Running deit3_small_patch16_224_Opset18_disable_all.onnx...
Running deit3_small_patch16_224_Opset18_basic.onnx...
Running deit3_small_patch16_224_Opset18_extended.onnx...
Running deit3_small_patch16_224_in21ft1k_Opset16.onnx...
Running deit3_small_patch16_224_in21ft1k_Opset16_disable_all.onnx...
Running deit3_small_patch16_224_in21ft1k_Opset16_basic.onnx...
Running deit3_small_patch16_224_in21ft1k_Opset16_extended.onnx...
Running deit3_small_patch16_224_in21ft1k_Opset17.onnx...
Running deit3_small_patch16_224_in21ft1k_Opset17_disable_all.onnx...
Running deit3_small_patch16_224_in21ft1k_Opset17_basic.onnx...
Running deit3_small_patch16_224_in21ft1k_Opset17_extended.onnx...
Running deit3_small_patch16_224_in21ft1k_Opset18.onnx...
Running deit3_small_patch16_224_in21ft1k_Opset18_disable_all.onnx...
Running deit3_small_patch16_224_in21ft1k_Opset18_basic.onnx...
Running deit3_small_patch16_224_in21ft1k_Opset18_extended.onnx...
Running deit3_small_patch16_384_Opset16.onnx...
Running deit3_small_patch16_384_Opset16_disable_all.onnx...
Running deit3_small_patch16_384_Opset16_basic.onnx...
Running deit3_small_patch16_384_Opset16_extended.onnx...
Running deit3_small_patch16_384_Opset17.onnx...
Running deit3_small_patch16_384_Opset17_disable_all.onnx...
Running deit3_small_patch16_384_Opset17_basic.onnx...
Running deit3_small_patch16_384_Opset17_extended.onnx...
Running deit3_small_patch16_384_Opset18.onnx...
Running deit3_small_patch16_384_Opset18_disable_all.onnx...
Running deit3_small_patch16_384_Opset18_basic.onnx...
Running deit3_small_patch16_384_Opset18_extended.onnx...
Running deit3_small_patch16_384_in21ft1k_Opset16.onnx...
Running deit3_small_patch16_384_in21ft1k_Opset16_disable_all.onnx...
Running deit3_small_patch16_384_in21ft1k_Opset16_basic.onnx...
Running deit3_small_patch16_384_in21ft1k_Opset16_extended.onnx...
Running deit3_small_patch16_384_in21ft1k_Opset17.onnx...
Running deit3_small_patch16_384_in21ft1k_Opset17_disable_all.onnx...
Running deit3_small_patch16_384_in21ft1k_Opset17_basic.onnx...
Running deit3_small_patch16_384_in21ft1k_Opset17_extended.onnx...
Running deit3_small_patch16_384_in21ft1k_Opset18.onnx...
Running deit3_small_patch16_384_in21ft1k_Opset18_disable_all.onnx...
Running deit3_small_patch16_384_in21ft1k_Opset18_basic.onnx...
Running deit3_small_patch16_384_in21ft1k_Opset18_extended.onnx...
Running deit_base_distilled_patch16_224_Opset16.onnx...
Running deit_base_distilled_patch16_224_Opset16_disable_all.onnx...
Running deit_base_distilled_patch16_224_Opset16_basic.onnx...
Running deit_base_distilled_patch16_224_Opset16_extended.onnx...
Running deit_base_distilled_patch16_224_Opset17.onnx...
Running deit_base_distilled_patch16_224_Opset17_disable_all.onnx...
Running deit_base_distilled_patch16_224_Opset17_basic.onnx...
Running deit_base_distilled_patch16_224_Opset17_extended.onnx...
Running deit_base_distilled_patch16_224_Opset18.onnx...
Running deit_base_distilled_patch16_224_Opset18_disable_all.onnx...
Running deit_base_distilled_patch16_224_Opset18_basic.onnx...
Running deit_base_distilled_patch16_224_Opset18_extended.onnx...
Running deit_base_distilled_patch16_384_Opset16.onnx...
Running deit_base_distilled_patch16_384_Opset16_disable_all.onnx...
Running deit_base_distilled_patch16_384_Opset16_basic.onnx...
Running deit_base_distilled_patch16_384_Opset16_extended.onnx...
Running deit_base_distilled_patch16_384_Opset17.onnx...
Running deit_base_distilled_patch16_384_Opset17_disable_all.onnx...
Running deit_base_distilled_patch16_384_Opset17_basic.onnx...
Running deit_base_distilled_patch16_384_Opset17_extended.onnx...
Running deit_base_distilled_patch16_384_Opset18.onnx...
Running deit_base_distilled_patch16_384_Opset18_disable_all.onnx...
Running deit_base_distilled_patch16_384_Opset18_basic.onnx...
Running deit_base_distilled_patch16_384_Opset18_extended.onnx...
Running deit_base_patch16_224_Opset16.onnx...
Running deit_base_patch16_224_Opset16_disable_all.onnx...
Running deit_base_patch16_224_Opset16_basic.onnx...
Running deit_base_patch16_224_Opset16_extended.onnx...
Running deit_base_patch16_224_Opset17.onnx...
Running deit_base_patch16_224_Opset17_disable_all.onnx...
Running deit_base_patch16_224_Opset17_basic.onnx...
Running deit_base_patch16_224_Opset17_extended.onnx...
Running deit_base_patch16_224_Opset18.onnx...
Running deit_base_patch16_224_Opset18_disable_all.onnx...
Running deit_base_patch16_224_Opset18_basic.onnx...
Running deit_base_patch16_224_Opset18_extended.onnx...
Running deit_base_patch16_384_Opset16.onnx...
Running deit_base_patch16_384_Opset16_disable_all.onnx...
Running deit_base_patch16_384_Opset16_basic.onnx...
Running deit_base_patch16_384_Opset16_extended.onnx...
Running deit_base_patch16_384_Opset17.onnx...
Running deit_base_patch16_384_Opset17_disable_all.onnx...
Running deit_base_patch16_384_Opset17_basic.onnx...
Running deit_base_patch16_384_Opset17_extended.onnx...
Running deit_base_patch16_384_Opset18.onnx...
Running deit_base_patch16_384_Opset18_disable_all.onnx...
Running deit_base_patch16_384_Opset18_basic.onnx...
Running deit_base_patch16_384_Opset18_extended.onnx...
Running deit_small_distilled_patch16_224_Opset16.onnx...
Running deit_small_distilled_patch16_224_Opset16_disable_all.onnx...
Running deit_small_distilled_patch16_224_Opset16_basic.onnx...
Running deit_small_distilled_patch16_224_Opset16_extended.onnx...
Running deit_small_distilled_patch16_224_Opset17.onnx...
Running deit_small_distilled_patch16_224_Opset17_disable_all.onnx...
Running deit_small_distilled_patch16_224_Opset17_basic.onnx...
Running deit_small_distilled_patch16_224_Opset17_extended.onnx...
Running deit_small_distilled_patch16_224_Opset18.onnx...
Running deit_small_distilled_patch16_224_Opset18_disable_all.onnx...
Running deit_small_distilled_patch16_224_Opset18_basic.onnx...
Running deit_small_distilled_patch16_224_Opset18_extended.onnx...
Running deit_small_patch16_224_Opset16.onnx...
Running deit_small_patch16_224_Opset16_disable_all.onnx...
Running deit_small_patch16_224_Opset16_basic.onnx...
Running deit_small_patch16_224_Opset16_extended.onnx...
Running deit_small_patch16_224_Opset17.onnx...
Running deit_small_patch16_224_Opset17_disable_all.onnx...
Running deit_small_patch16_224_Opset17_basic.onnx...
Running deit_small_patch16_224_Opset17_extended.onnx...
Running deit_small_patch16_224_Opset18.onnx...
Running deit_small_patch16_224_Opset18_disable_all.onnx...
Running deit_small_patch16_224_Opset18_basic.onnx...
Running deit_small_patch16_224_Opset18_extended.onnx...
Running deit_tiny_distilled_patch16_224_Opset16.onnx...
Running deit_tiny_distilled_patch16_224_Opset16_disable_all.onnx...
Running deit_tiny_distilled_patch16_224_Opset16_basic.onnx...
Running deit_tiny_distilled_patch16_224_Opset16_extended.onnx...
Running deit_tiny_distilled_patch16_224_Opset17.onnx...
Running deit_tiny_distilled_patch16_224_Opset17_disable_all.onnx...
Running deit_tiny_distilled_patch16_224_Opset17_basic.onnx...
Running deit_tiny_distilled_patch16_224_Opset17_extended.onnx...
Running deit_tiny_distilled_patch16_224_Opset18.onnx...
Running deit_tiny_distilled_patch16_224_Opset18_disable_all.onnx...
Running deit_tiny_distilled_patch16_224_Opset18_basic.onnx...
Running deit_tiny_distilled_patch16_224_Opset18_extended.onnx...
Running deit_tiny_patch16_224_Opset16.onnx...
Running deit_tiny_patch16_224_Opset16_disable_all.onnx...
Running deit_tiny_patch16_224_Opset16_basic.onnx...
Running deit_tiny_patch16_224_Opset16_extended.onnx...
Running deit_tiny_patch16_224_Opset17.onnx...
Running deit_tiny_patch16_224_Opset17_disable_all.onnx...
Running deit_tiny_patch16_224_Opset17_basic.onnx...
Running deit_tiny_patch16_224_Opset17_extended.onnx...
Running deit_tiny_patch16_224_Opset18.onnx...
Running deit_tiny_patch16_224_Opset18_disable_all.onnx...
Running deit_tiny_patch16_224_Opset18_basic.onnx...
Running deit_tiny_patch16_224_Opset18_extended.onnx...
Running densenet-12.onnx...
Running densenet-12_disable_all.onnx...
Running densenet-12_basic.onnx...
Running densenet-12_extended.onnx...
Running densenet-12-int8.onnx...
Running densenet-12-int8_disable_all.onnx...
Running densenet-12-int8_basic.onnx...
Running densenet-12-int8_extended.onnx...
Running densenet-6.onnx...
Running densenet-6_disable_all.onnx...
Running densenet-6_basic.onnx...
Running densenet-6_extended.onnx...
Running densenet-7.onnx...
Running densenet-7_disable_all.onnx...
Running densenet-7_basic.onnx...
Running densenet-7_extended.onnx...
Running densenet-8.onnx...
Running densenet-8_disable_all.onnx...
Running densenet-8_basic.onnx...
Running densenet-8_extended.onnx...
Running densenet-9.onnx...
Running densenet-9_disable_all.onnx...
Running densenet-9_basic.onnx...
Running densenet-9_extended.onnx...
Running densenet121_Opset16_timm.onnx...
Running densenet121_Opset16_timm_disable_all.onnx...
Running densenet121_Opset16_timm_basic.onnx...
Running densenet121_Opset16_timm_extended.onnx...
Running densenet121_Opset16_torch_hub.onnx...
Running densenet121_Opset16_torch_hub_disable_all.onnx...
Running densenet121_Opset16_torch_hub_basic.onnx...
Running densenet121_Opset16_torch_hub_extended.onnx...
Running densenet121_Opset17_timm.onnx...
Running densenet121_Opset17_timm_disable_all.onnx...
Running densenet121_Opset17_timm_basic.onnx...
Running densenet121_Opset17_timm_extended.onnx...
Running densenet121_Opset17_torch_hub.onnx...
Running densenet121_Opset17_torch_hub_disable_all.onnx...
Running densenet121_Opset17_torch_hub_basic.onnx...
Running densenet121_Opset17_torch_hub_extended.onnx...
Running densenet121_Opset18_timm.onnx...
Running densenet121_Opset18_timm_disable_all.onnx...
Running densenet121_Opset18_timm_basic.onnx...
Running densenet121_Opset18_timm_extended.onnx...
Running densenet121_Opset18_torch_hub.onnx...
Running densenet121_Opset18_torch_hub_disable_all.onnx...
Running densenet121_Opset18_torch_hub_basic.onnx...
Running densenet121_Opset18_torch_hub_extended.onnx...
Running densenet161_Opset16_timm.onnx...
Running densenet161_Opset16_timm_disable_all.onnx...
Running densenet161_Opset16_timm_basic.onnx...
Running densenet161_Opset16_timm_extended.onnx...
Running densenet161_Opset16_torch_hub.onnx...
Running densenet161_Opset16_torch_hub_disable_all.onnx...
Running densenet161_Opset16_torch_hub_basic.onnx...
Running densenet161_Opset16_torch_hub_extended.onnx...
Running densenet161_Opset17_timm.onnx...
Running densenet161_Opset17_timm_disable_all.onnx...
Running densenet161_Opset17_timm_basic.onnx...
Running densenet161_Opset17_timm_extended.onnx...
Running densenet161_Opset17_torch_hub.onnx...
Running densenet161_Opset17_torch_hub_disable_all.onnx...
Running densenet161_Opset17_torch_hub_basic.onnx...
Running densenet161_Opset17_torch_hub_extended.onnx...
Running densenet161_Opset18_timm.onnx...
Running densenet161_Opset18_timm_disable_all.onnx...
Running densenet161_Opset18_timm_basic.onnx...
Running densenet161_Opset18_timm_extended.onnx...
Running densenet161_Opset18_torch_hub.onnx...
Running densenet161_Opset18_torch_hub_disable_all.onnx...
Running densenet161_Opset18_torch_hub_basic.onnx...
Running densenet161_Opset18_torch_hub_extended.onnx...
Running densenet169_Opset16_timm.onnx...
Running densenet169_Opset16_timm_disable_all.onnx...
Running densenet169_Opset16_timm_basic.onnx...
Running densenet169_Opset16_timm_extended.onnx...
Running densenet169_Opset16_torch_hub.onnx...
Running densenet169_Opset16_torch_hub_disable_all.onnx...
Running densenet169_Opset16_torch_hub_basic.onnx...
Running densenet169_Opset16_torch_hub_extended.onnx...
Running densenet169_Opset17_timm.onnx...
Running densenet169_Opset17_timm_disable_all.onnx...
Running densenet169_Opset17_timm_basic.onnx...
Running densenet169_Opset17_timm_extended.onnx...
Running densenet169_Opset17_torch_hub.onnx...
Running densenet169_Opset17_torch_hub_disable_all.onnx...
Running densenet169_Opset17_torch_hub_basic.onnx...
Running densenet169_Opset17_torch_hub_extended.onnx...
Running densenet169_Opset18_timm.onnx...
Running densenet169_Opset18_timm_disable_all.onnx...
Running densenet169_Opset18_timm_basic.onnx...
Running densenet169_Opset18_timm_extended.onnx...
Running densenet169_Opset18_torch_hub.onnx...
Running densenet169_Opset18_torch_hub_disable_all.onnx...
Running densenet169_Opset18_torch_hub_basic.onnx...
Running densenet169_Opset18_torch_hub_extended.onnx...
Running densenet201_Opset16_timm.onnx...
Running densenet201_Opset16_timm_disable_all.onnx...
Running densenet201_Opset16_timm_basic.onnx...
Running densenet201_Opset16_timm_extended.onnx...
Running densenet201_Opset16_torch_hub.onnx...
Running densenet201_Opset16_torch_hub_disable_all.onnx...
Running densenet201_Opset16_torch_hub_basic.onnx...
Running densenet201_Opset16_torch_hub_extended.onnx...
Running densenet201_Opset17_timm.onnx...
Running densenet201_Opset17_timm_disable_all.onnx...
Running densenet201_Opset17_timm_basic.onnx...
Running densenet201_Opset17_timm_extended.onnx...
